========log start========
2016-10-12 16:21:42.049 [Debug] /Users/gongsy/Desktop/xing/ITSDemo_zl/InternetStir/Services/ConfigService.m -[ConfigService copyToLocaleFileSystem:fromFile:] 145 : copy file write data 1
2016-10-12 16:21:42.059 [Debug] /Users/gongsy/Desktop/xing/ITSDemo_zl/InternetStir/Services/ConfigService.m -[ConfigService copyToLocaleFileSystem:fromFile:] 145 : copy file write data 1
2016-10-12 16:21:42.066 [Debug] /Users/gongsy/Desktop/xing/ITSDemo_zl/InternetStir/Services/ConfigService.m -[ConfigService copyToLocaleFileSystem:fromFile:] 145 : copy file write data 1
2016-10-12 16:21:42.079 [Debug] /Users/gongsy/Desktop/xing/ITSDemo_zl/InternetStir/Services/ConfigService.m -[ConfigService copyToLocaleFileSystem:fromFile:] 145 : copy file write data 1
2016-10-12 16:21:42.088 [Debug] /Users/gongsy/Desktop/xing/ITSDemo_zl/InternetStir/Services/ConfigService.m -[ConfigService copyToLocaleFileSystem:fromFile:] 145 : copy file write data 1
2016-10-12 16:21:42.098 [Debug] /Users/gongsy/Desktop/xing/ITSDemo_zl/InternetStir/Services/ConfigService.m -[ConfigService copyToLocaleFileSystem:fromFile:] 145 : copy file write data 1
2016-10-12 16:21:42.105 [Debug] /Users/gongsy/Desktop/xing/ITSDemo_zl/InternetStir/Services/ConfigService.m -[ConfigService copyToLocaleFileSystem:fromFile:] 145 : copy file write data 1
2016-10-12 16:21:42.113 [Debug] /Users/gongsy/Desktop/xing/ITSDemo_zl/InternetStir/Services/ConfigService.m -[ConfigService copyToLocaleFileSystem:fromFile:] 145 : copy file write data 1
2016-10-12 16:21:42.409 [Debug] /Users/gongsy/Desktop/xing/ITSDemo_zl/InternetStir/Services/ReportService.m -[ReportService recordEvent:params:eventCategory:] 350 : Report Event : id = ch, params = {
    ch = tomotoc001;
    cid = "";
}
2016-10-12 16:21:42.452 [Debug] /Users/gongsy/Desktop/xing/ITSDemo_zl/InternetStir/Services/RemoteService.m -[RemoteService doConnect] 324 : connect url = http://106.185.48.211:8080/v0/connector
2016-10-12 16:21:42.484 [Debug] /Users/gongsy/Desktop/xing/ITSDemo_zl/InternetStir/Services/RemoteService.m -[RemoteService doConnect] 364 : data = {
  "channel" : "017d8be4-8d03-4722-ae8e-6500c086f2ec",
  "device" : {
    "pid" : "",
    "os_v" : "9.2",
    "app_v" : "1.0.3",
    "os" : "ios",
    "app" : "io.tomoto.c001",
    "group" : "",
    "ch" : "017d8be4-8d03-4722-ae8e-6500c086f2ec",
    "sh" : "667",
    "lang" : "zh-Hans-HK",
    "ua" : "ios;MANUFACTURER\/APPLE;MODEL\/iPhone7,2;BOARD\/APPLE;BRAND\/APPLE;DEVICE\/APPLE;HARDWARE\/APPLE;PRODUCT\/APPLE",
    "sw" : "375",
    "country" : "HK",
    "aid" : "F2E819F9-EDE3-47EE-9E19-3705ACA60BC2",
    "sn" : "D19E339E-AEBB-45F0-A994-133F59A1CB69"
  },
  "update" : true
}
2016-10-12 16:21:42.485 [Debug] /Users/gongsy/Desktop/xing/ITSDemo_zl/InternetStir/Momock/MMHttpSession.m -[MMHttpSession doPostJSON:reqHeader:reqBody:callback:] 160 : MMHttpService: Post Body = {
  "channel" : "017d8be4-8d03-4722-ae8e-6500c086f2ec",
  "device" : {
    "pid" : "",
    "os_v" : "9.2",
    "app_v" : "1.0.3",
    "os" : "ios",
    "app" : "io.tomoto.c001",
    "group" : "",
    "ch" : "017d8be4-8d03-4722-ae8e-6500c086f2ec",
    "sh" : "667",
    "lang" : "zh-Hans-HK",
    "ua" : "ios;MANUFACTURER\/APPLE;MODEL\/iPhone7,2;BOARD\/APPLE;BRAND\/APPLE;DEVICE\/APPLE;HARDWARE\/APPLE;PRODUCT\/APPLE",
    "sw" : "375",
    "country" : "HK",
    "aid" : "F2E819F9-EDE3-47EE-9E19-3705ACA60BC2",
    "sn" : "D19E339E-AEBB-45F0-A994-133F59A1CB69"
  },
  "update" : true
}
2016-10-12 16:21:43.806 [Debug] /Users/gongsy/Desktop/xing/ITSDemo_zl/InternetStir/Momock/MMHttpSession.m __24-[MMHttpSession execute]_block_invoke 48 : CMHttpSession response headers of http://106.185.48.211:8080/v0/connector  [200]
2016-10-12 16:21:43.807 [Debug] /Users/gongsy/Desktop/xing/ITSDemo_zl/InternetStir/Momock/MMHttpSession.m __24-[MMHttpSession execute]_block_invoke 53 : Date = Wed, 12 Oct 2016 08:21:42 GMT
2016-10-12 16:21:43.808 [Debug] /Users/gongsy/Desktop/xing/ITSDemo_zl/InternetStir/Momock/MMHttpSession.m __24-[MMHttpSession execute]_block_invoke 53 : Etag = W/"270-E8BXi7Va71EtTMAigIm9LQ"
2016-10-12 16:21:43.809 [Debug] /Users/gongsy/Desktop/xing/ITSDemo_zl/InternetStir/Momock/MMHttpSession.m __24-[MMHttpSession execute]_block_invoke 53 : Content-Length = 624
2016-10-12 16:21:43.810 [Debug] /Users/gongsy/Desktop/xing/ITSDemo_zl/InternetStir/Momock/MMHttpSession.m __24-[MMHttpSession execute]_block_invoke 53 : Content-Type = application/json; charset=utf-8
2016-10-12 16:21:43.810 [Debug] /Users/gongsy/Desktop/xing/ITSDemo_zl/InternetStir/Momock/MMHttpSession.m __24-[MMHttpSession execute]_block_invoke 53 : Connection = keep-alive
2016-10-12 16:21:43.811 [Debug] /Users/gongsy/Desktop/xing/ITSDemo_zl/InternetStir/Momock/MMHttpSession.m __24-[MMHttpSession execute]_block_invoke 53 : Access-Control-Allow-Origin = *
2016-10-12 16:21:43.812 [Debug] /Users/gongsy/Desktop/xing/ITSDemo_zl/InternetStir/Services/RemoteService.m __26-[RemoteService doConnect]_block_invoke 368 : connect rsp: status = 4 , code = 200
2016-10-12 16:21:43.813 [Debug] /Users/gongsy/Desktop/xing/ITSDemo_zl/InternetStir/Services/RemoteService.m __26-[RemoteService doConnect]_block_invoke 385 : Get connect Data rsp data: {"baseUrl":"/v0","channel":"017d8be4-8d03-4722-ae8e-6500c086f2ec","dch":"","update":0,"name":"Jacob-爾賢就是愛生活","categories":[{"type":"facebook","label":"Facebook","url":"https://www.facebook.com/jacob.ek07"},{"type":"instagram","label":"Instagram","url":"https://www.instagram.com/jacob.ek07"},{"type":"youtube","label":"Youtube","url":"https://m.youtube.com/channel/UCfcGjEq_b-7lfBbD8tQSYNg/videos"}],"launch":null,"avatar":"https://scontent-tpe1-1.xx.fbcdn.net/v/t1.0-1/p160x160/12938287_972142962863863_37536436875128892_n.jpg?oh=0501feabb5712a2951a9baeb4522c1a1&oe=58607417","did":"57fdf296ef7626ac07327b03"}
2016-10-12 16:21:43.814 [Debug] /Users/gongsy/Desktop/xing/ITSDemo_zl/InternetStir/Services/DataService.m -[DataService setConnectRespData:] 362 : Connect Rsp : {
  "update" : 0,
  "channel" : "017d8be4-8d03-4722-ae8e-6500c086f2ec",
  "launch" : null,
  "categories" : [
    {
      "type" : "facebook",
      "label" : "Facebook",
      "url" : "https:\/\/www.facebook.com\/jacob.ek07"
    },
    {
      "type" : "instagram",
      "label" : "Instagram",
      "url" : "https:\/\/www.instagram.com\/jacob.ek07"
    },
    {
      "type" : "youtube",
      "label" : "Youtube",
      "url" : "https:\/\/m.youtube.com\/channel\/UCfcGjEq_b-7lfBbD8tQSYNg\/videos"
    }
  ],
  "avatar" : "https:\/\/scontent-tpe1-1.xx.fbcdn.net\/v\/t1.0-1\/p160x160\/12938287_972142962863863_37536436875128892_n.jpg?oh=0501feabb5712a2951a9baeb4522c1a1&oe=58607417",
  "dch" : "",
  "did" : "57fdf296ef7626ac07327b03",
  "baseUrl" : "\/v0",
  "name" : "Jacob-爾賢就是愛生活"
}
2016-10-12 16:21:43.858 [Debug] /Users/gongsy/Desktop/xing/ITSDemo_zl/InternetStir/Momock/MMEventService.m -[MMEventService send:eventData:] 83 : send event POPOCONNECT
2016-10-12 16:21:45.548 [Debug] /Users/gongsy/Desktop/xing/ITSDemo_zl/InternetStir/Services/ReportService.m -[ReportService recordEvent:params:eventCategory:] 350 : Report Event : id = select, params = {
}
2016-10-12 16:21:46.553 [Debug] /Users/gongsy/Desktop/xing/ITSDemo_zl/InternetStir/Services/ReportService.m -[ReportService recordEvent:params:eventCategory:] 350 : Report Event : id = cancel, params = {
}
2016-10-12 16:21:46.558 [Debug] /Users/gongsy/Desktop/xing/ITSDemo_zl/InternetStir/Services/ReportService.m -[ReportService recordEvent:params:eventCategory:] 350 : Report Event : id = cancel, params = {
}
2016-10-12 16:21:46.683 [Debug] /Users/gongsy/Desktop/xing/ITSDemo_zl/InternetStir/Services/ReportService.m -[ReportService recordEvent:params:eventCategory:] 350 : Report Event : id = select, params = {
}
2016-10-12 16:21:46.717 [Debug] /Users/gongsy/Desktop/xing/ITSDemo_zl/InternetStir/Services/ReportService.m -[ReportService recordEvent:params:eventCategory:] 350 : Report Event : id = comment, params = {
}
2016-10-12 16:21:46.719 [Debug] /Users/gongsy/Desktop/xing/ITSDemo_zl/InternetStir/Services/ReportService.m -[ReportService recordEvent:params:eventCategory:] 350 : Report Event : id = list, params = {
}
2016-10-12 16:21:46.725 [Debug] /Users/gongsy/Desktop/xing/ITSDemo_zl/InternetStir/Services/ReportService.m -[ReportService recordEvent:params:eventCategory:] 350 : Report Event : id = list.loading.up, params = {
}
2016-10-12 16:21:46.726 [Debug] /Users/gongsy/Desktop/xing/ITSDemo_zl/InternetStir/Services/RemoteService.m -[RemoteService getCelebCommentListData:timeType:] 773 : Celeb Comment data refresh url = http://106.185.48.211:8080/v0/forums/017d8be4-8d03-4722-ae8e-6500c086f2ec?before=1476260506726&size=10
2016-10-12 16:21:47.137 [Debug] /Users/gongsy/Desktop/xing/ITSDemo_zl/InternetStir/Momock/MMHttpSession.m __24-[MMHttpSession execute]_block_invoke 48 : CMHttpSession response headers of http://106.185.48.211:8080/v0/forums/017d8be4-8d03-4722-ae8e-6500c086f2ec?before=1476260506726&size=10  [200]
2016-10-12 16:21:47.140 [Debug] /Users/gongsy/Desktop/xing/ITSDemo_zl/InternetStir/Momock/MMHttpSession.m __24-[MMHttpSession execute]_block_invoke 53 : Date = Wed, 12 Oct 2016 08:21:46 GMT
2016-10-12 16:21:47.143 [Debug] /Users/gongsy/Desktop/xing/ITSDemo_zl/InternetStir/Momock/MMHttpSession.m __24-[MMHttpSession execute]_block_invoke 53 : Etag = W/"2b89-xSG+pEo/HEW3cN5exXVmPg"
2016-10-12 16:21:47.146 [Debug] /Users/gongsy/Desktop/xing/ITSDemo_zl/InternetStir/Momock/MMHttpSession.m __24-[MMHttpSession execute]_block_invoke 53 : Content-Length = 11145
2016-10-12 16:21:47.149 [Debug] /Users/gongsy/Desktop/xing/ITSDemo_zl/InternetStir/Momock/MMHttpSession.m __24-[MMHttpSession execute]_block_invoke 53 : Content-Type = application/json; charset=utf-8
2016-10-12 16:21:47.151 [Debug] /Users/gongsy/Desktop/xing/ITSDemo_zl/InternetStir/Momock/MMHttpSession.m __24-[MMHttpSession execute]_block_invoke 53 : Connection = keep-alive
2016-10-12 16:21:47.154 [Debug] /Users/gongsy/Desktop/xing/ITSDemo_zl/InternetStir/Momock/MMHttpSession.m __24-[MMHttpSession execute]_block_invoke 53 : Access-Control-Allow-Origin = *
2016-10-12 16:21:47.156 [Debug] /Users/gongsy/Desktop/xing/ITSDemo_zl/InternetStir/Services/RemoteService.m __50-[RemoteService getCelebCommentListData:timeType:]_block_invoke 777 : Celeb Comment Data rsp: status = 4 , code = 200
2016-10-12 16:21:47.167 [Debug] /Users/gongsy/Desktop/xing/ITSDemo_zl/InternetStir/Services/RemoteService.m __50-[RemoteService getCelebCommentListData:timeType:]_block_invoke 785 : Celeb Comment Data rsp data: {"count":10,"contexts":[{"uuid":"017d8be4-8d03-4722-ae8e-6500c086f2ec","context":"新的ACL測試中","attachments":["d0cce3475e533f16a83402ab9bbd0f1b"],"uts":1475827273444,"pts":1475827273444,"fid":"935fbf78-9e1d-4e97-b48d-9885b2d65223","comments":[{"fid":"935fbf78-9e1d-4e97-b48d-9885b2d65223","uuid":"6ff73379-6f67-4873-bc84-06063b983bf8","comment":"评论是吗","celeb":"c6733e97-a7e9-41a8-b994-591dd41c44ed","rid":null,"cid":"2144b737-a402-4381-83ea-2c7bd37705f1","read":false,"uts":1476258251236,"pts":1476258251236,"_id":"57fde9cb47456bde22bb4044","u_name":"Sheng NieOne","u_avatar":"http://graph.facebook.com/345931952411205/picture?type=large","u_role":"user","u_object":null},{"fid":"935fbf78-9e1d-4e97-b48d-9885b2d65223","uuid":"6ff73379-6f67-4873-bc84-06063b983bf8","comment":"呵呵呵呵呵呵","celeb":"00b424fb-e314-4703-a781-d293fd58a413","rid":null,"cid":"e8533794-af10-4a9b-9697-b2f77d233537","read":false,"uts":1476257490446,"pts":1476257490446,"_id":"57fde6d247456bde22bb4043","u_name":"Sheng NieOne","u_avatar":"http://graph.facebook.com/345931952411205/picture?type=large","u_role":"user","u_object":null},{"fid":"935fbf78-9e1d-4e97-b48d-9885b2d65223","uuid":"6ff73379-6f67-4873-bc84-06063b983bf8","comment":"嗯嗯嗯默默默默","celeb":"89b0469c-155c-40f4-87ea-998035f8d70d","rid":null,"cid":"897b5540-325f-4d58-8737-1841a9f6e528","read":false,"uts":1476257448892,"pts":1476257448892,"_id":"57fde6a847456bde22bb4042","u_name":"Sheng NieOne","u_avatar":"http://graph.facebook.com/345931952411205/picture?type=large","u_role":"user","u_object":null},{"rid":"e5c4aa22-c9b4-413e-bd4b-153db496136b","fid":"935fbf78-9e1d-4e97-b48d-9885b2d65223","uuid":"6ff73379-6f67-4873-bc84-06063b983bf8","comment":"只能显示回复喔","celeb":"1f4ad167-8fc2-4c06-bf13-87ed7ec3b649","cid":"c7d84020-57e8-40db-ae21-2aad65a4b95c","read":false,"uts":1476254632874,"pts":1476254632874,"_id":"57fddba847456bde22bb4037","u_name":"Sheng NieOne","u_avatar":"http://graph.facebook.com/345931952411205/picture?type=large","u_role":"user","u_object":null},{"rid":"642fd416-2e27-4a5a-badd-3cdda602c95f","fid":"935fbf78-9e1d-4e97-b48d-9885b2d65223","uuid":"22c9d0af-3ab0-4bea-9a0c-15d50cc69226","comment":"Cv bcc","celeb":"bac295cd-d037-455a-b011-5b7985255a3b","cid":"e5c4aa22-c9b4-413e-bd4b-153db496136b","read":false,"uts":1476254369233,"pts":1476254369233,"_id":"57fddaa147456bde22bb4036","u_name":"张亮","u_avatar":"https://fbcdn-profile-a.akamaihd.net/hprofile-ak-xap1/v/t1.0-1/p50x50/14370221_1002431183212566_7805085867600695388_n.jpg?oh=cb3c05235fa970b15c02b2b2eaa5d6f5&oe=58AB5556&__gda__=1482838679_2dc5ad4fa3821ea46d757cec8f2a3a9a","u_role":"user","u_object":null}],"likes":2,"count":5,"isLike":false},{"uuid":"017d8be4-8d03-4722-ae8e-6500c086f2ec","context":"還沒快閃到警察就來了....\n#就是愛生活 #lovelife\nmin_556012哈哈無奈的表情","attachments":["be99a9d0078b6f03d698ffb06f7f5335"],"uts":1475217617905,"pts":1475217617905,"fid":"56e87e2c-88a2-4685-8dad-34f4712f0d43","likes":3,"comments":[{"fid":"56e87e2c-88a2-4685-8dad-34f4712f0d43","uuid":"6ff73379-6f67-4873-bc84-06063b983bf8","comment":"好的","celeb":"a64fb43d-5238-444a-aa4e-3067588e71dd","rid":null,"cid":"c4c70c5a-ddf1-48e8-94e6-fc76f7c2994f","read":false,"uts":1476258270628,"pts":1476258270628,"_id":"57fde9de47456bde22bb4045","u_name":"Sheng NieOne","u_avatar":"http://graph.facebook.com/345931952411205/picture?type=large","u_role":"user","u_object":null},{"rid":"547f04de-d360-4f73-8aa6-dd40e06f0276","fid":"56e87e2c-88a2-4685-8dad-34f4712f0d43","uuid":"6ff73379-6f67-4873-bc84-06063b983bf8","comment":"恩恩","celeb":"a792c481-6cbe-4e9f-9b44-e53be410e050","cid":"a5b1fa40-44ca-4b05-b1ea-035aa898bac7","read":false,"uts":1476175344675,"pts":1476175344675,"_id":"57fca5f081c8446a12f5880d","u_name":"Sheng NieOne","u_avatar":"http://graph.facebook.com/345931952411205/picture?type=large","u_role":"user","u_object":null}],"count":2,"isLike":false},{"uuid":"017d8be4-8d03-4722-ae8e-6500c086f2ec","context":"一切都來的太快 喘不過氣了。\n#就是愛生活 #lovelife","attachments":["0872d27d4f10931a07d27300136a7aca"],"uts":1475217497615,"pts":1475217497615,"fid":"91a05cde-1e6f-4375-9673-6332ea5f3bf9","likes":1,"comments":[],"count":0,"isLike":false},{"uuid":"017d8be4-8d03-4722-ae8e-6500c086f2ec","context":"今天帶著我的攝影小助理來酒吧拍片，結果他跟我說他第一次進這種場所....我跟他說絕對不能跟媽媽說是被我帶壞的！\n現在凌晨四點，我們帶著熱情結束了今天的拍攝 各位都辛苦了！\n#就是愛生活 #lovelife #filming\npingtian0821這是純情小處男啊","attachments":["197ba618ba99857f148595d6881497a0"],"uts":1475217401506,"pts":1475217401506,"fid":"e1d94ccc-cf86-488c-af75-a6866d9aecf0","likes":1,"comments":[],"count":0,"isLike":false},{"uuid":"017d8be4-8d03-4722-ae8e-6500c086f2ec","context":"真的超討厭那種有了女朋友就不認兄弟的！\n立馬標記馬子狗bj4 \nLike & Share （tag 3 friends)\nw/ 琳妲-林羿禎 WhitNey 卉妮 林家義 Austin 謝程凱 Kevin\n導演：高爾賢 Jacob\n攝影剪接： 范泛範\n＃就是愛生活 ＃lamigirls","attachments":["eca8b1a81db7daf0958654da6747af13"],"uts":1475217239790,"pts":1475217239790,"fid":"60ce1f5f-1774-4048-a077-bbfce34312dd","likes":1,"comments":[{"fid":"60ce1f5f-1774-4048-a077-bbfce34312dd","uuid":"6ff73379-6f67-4873-bc84-06063b983bf8","comment":"哈哈","celeb":"0a668536-3107-4860-aad4-027b02bcbc0f","rid":null,"cid":"1980c9c0-2ae2-47bf-838a-e75558388bc3","read":false,"uts":1476258416761,"pts":1476258416761,"_id":"57fdea7047456bde22bb4047","u_name":"Sheng NieOne","u_avatar":"http://graph.facebook.com/345931952411205/picture?type=large","u_role":"user","u_object":null},{"rid":"2a7af094-30c9-40c8-aa63-cb7bee33bf00","fid":"60ce1f5f-1774-4048-a077-bbfce34312dd","uuid":"6ff73379-6f67-4873-bc84-06063b983bf8","comment":"好的","celeb":"b91fc26f-2ecc-4a47-96e3-e7fd6bbfb468","cid":"84b5ef31-6a6c-4084-98c7-aaa0a21e11b4","read":false,"uts":1476258397614,"pts":1476258397614,"_id":"57fdea5d47456bde22bb4046","u_name":"Sheng NieOne","u_avatar":"http://graph.facebook.com/345931952411205/picture?type=large","u_role":"user","u_object":null},{"rid":"1b2e92e5-c894-4172-99ec-fe6980440d55","fid":"60ce1f5f-1774-4048-a077-bbfce34312dd","uuid":"6ff73379-6f67-4873-bc84-06063b983bf8","comment":"皇太极路虎就磨椎间盘","celeb":"b12f5943-725f-4ed2-b915-f6d1d33dd920","cid":"4f0547be-67a4-4f62-a7d7-0df43d833d1f","read":false,"uts":1476176593785,"pts":1476176593785,"_id":"57fcaad181c8446a12f5880e","u_name":"Sheng NieOne","u_avatar":"http://graph.facebook.com/345931952411205/picture?type=large","u_role":"user","u_object":null},{"rid":"9234e997-a59b-4bed-9e8d-af162b4aeed0","fid":"60ce1f5f-1774-4048-a077-bbfce34312dd","uuid":"6ff73379-6f67-4873-bc84-06063b983bf8","comment":"回复vvv","celeb":"504f6b23-77f4-4872-8964-8f0b34891529","cid":"1b2e92e5-c894-4172-99ec-fe6980440d55","read":false,"uts":1476174072845,"pts":1476174072845,"_id":"57fca0f881c8446a12f5880b","u_name":"Sheng NieOne","u_avatar":"http://graph.facebook.com/345931952411205/picture?type=large","u_role":"user","u_object":null},{"rid":"950cea23-5f84-4582-a360-de94db9c0ecb","fid":"60ce1f5f-1774-4048-a077-bbfce34312dd","uuid":"6ff73379-6f67-4873-bc84-06063b983bf8","comment":"回复你","celeb":"126ef12e-5e5f-4e4d-bac5-e39e47adb8c9","cid":"c562d277-e12f-4a34-a8ab-2f0e285cf632","read":false,"uts":1476174031053,"pts":1476174031053,"_id":"57fca0cf81c8446a12f5880a","u_name":"Sheng NieOne","u_avatar":"http://graph.facebook.com/345931952411205/picture?type=large","u_role":"user","u_object":null}],"count":5,"isLike":false},{"uuid":"017d8be4-8d03-4722-ae8e-6500c086f2ec","context":"『年輕人要懂得吃苦，就算自己當老闆也有被客人指使的一天啊！』\n『分享給年輕人，標記老闆，標記司機』\n這次比較深奧的笑梗你們也懂嗎？！\nw/ 林懇 KEN 高爾賢 Jacob\n編導： 郭家禾\n＃就是愛生活 ＃沒有失敗就沒有成功 #振作","attachments":["ad60d4e80b4bdf5b7464bf38ec7cee54"],"uts":1475217037758,"pts":1475217037758,"fid":"717a94ea-6db4-4e8a-819e-3f65491d08ea","likes":1,"comments":[],"count":0,"isLike":false},{"uuid":"017d8be4-8d03-4722-ae8e-6500c086f2ec","context":"「以後如果女朋友都用這招我怎麼玩我的神奇寶貝.....」\nw/ WhitNey 卉妮 高爾賢 Jacob\n（tag 3 friends)\n#就是愛生活 #lovelife","attachments":["d0cce3475e533f16a83402ab9bbd0f1b"],"uts":1475216806277,"pts":1475216806277,"fid":"221ae836-ea10-4df5-a504-a9c51bf191ba","likes":0,"comments":[{"rid":"9f383949-2d19-4268-8b0b-ccdd9f236c87","fid":"221ae836-ea10-4df5-a504-a9c51bf191ba","uuid":"017d8be4-8d03-4722-ae8e-6500c086f2ec","comment":"試試看reply","cid":"f5fe5085-a24a-4a6b-bccc-976932aca888","read":false,"uts":1475834665781,"pts":1475834665781,"_id":"57f7732981b3499c6cb9f775","u_name":"Lai Tomoto","u_avatar":"http://graph.facebook.com/123377914789377/picture?type=large","u_role":"celeb","u_object":null},{"rid":"0a965ccb-7c45-4255-83da-87067a4f6b0d","fid":"221ae836-ea10-4df5-a504-a9c51bf191ba","uuid":"017d8be4-8d03-4722-ae8e-6500c086f2ec","comment":"this is my test123","cid":"073c5b9c-b742-4039-93cb-359a52af9b90","read":false,"uts":1475755541917,"pts":1475755541917,"_id":"57f63e151ce4448f64668d79","u_name":"Lai Tomoto","u_avatar":"http://graph.facebook.com/123377914789377/picture?type=large","u_role":"celeb","u_object":null},{"fid":"221ae836-ea10-4df5-a504-a9c51bf191ba","uuid":"017d8be4-8d03-4722-ae8e-6500c086f2ec","comment":"this is my test","rid":null,"cid":"9f383949-2d19-4268-8b0b-ccdd9f236c87","read":false,"uts":1475749919885,"pts":1475749919885,"_id":"57f6281fa6bac60d61d8871a","u_name":"Lai Tomoto","u_avatar":"http://graph.facebook.com/123377914789377/picture?type=large","u_role":"celeb","u_object":null},{"fid":"221ae836-ea10-4df5-a504-a9c51bf191ba","uuid":"017d8be4-8d03-4722-ae8e-6500c086f2ec","rid":null,"cid":"dbbacb75-dd6a-4515-aaa4-8fa181d3660c","read":false,"uts":1475749819228,"pts":1475749819228,"_id":"57f627bba6bac60d61d88719","u_name":"Lai Tomoto","u_avatar":"http://graph.facebook.com/123377914789377/picture?type=large","u_role":"celeb","u_object":null}],"count":4,"isLike":false},{"uuid":"017d8be4-8d03-4722-ae8e-6500c086f2ec","context":"試試看網紅發言功能順便附上這麼一個圖片試試1\n!!","attachments":["34434f7ac8a903c6298650947cc42f3a"],"uts":1474872641188,"pts":1474872641188,"fid":"cb8123f6-5ebb-4788-ab3f-96ed053fdf61","likes":0,"comments":[],"count":0,"isLike":false},{"uuid":"017d8be4-8d03-4722-ae8e-6500c086f2ec","context":"試試看網紅發言功能順便附上這麼一個圖片試試\n!!","attachments":["34434f7ac8a903c6298650947cc42f3a"],"uts":1474872238960,"pts":1474872238960,"fid":"16af176a-c94e-4606-878a-6fa53fb0f5a3","likes":0,"comments":[],"count":0,"isLike":false},{"uuid":"017d8be4-8d03-4722-ae8e-6500c086f2ec","context":"試試看附圖說得實在是太好了!!","attachments":["34434f7ac8a903c6298650947cc42f3a "],"uts":1474621221241,"pts":1474621221241,"fid":"dd1187a8-a5c3-4068-bb85-0c26a1c03d8c","likes":0,"comments":[],"count":0,"isLike":false}]}
2016-10-12 16:21:47.177 [Debug] /Users/gongsy/Desktop/xing/ITSDemo_zl/InternetStir/Momock/MMEventService.m -[MMEventService send:eventData:] 83 : send event CELEB_COMMENT_REFRESH
2016-10-12 16:21:49.914 [Debug] /Users/gongsy/Desktop/xing/ITSDemo_zl/InternetStir/Services/ReportService.m -[ReportService recordEvent:params:eventCategory:] 350 : Report Event : id = +heart, params = {
    context = "\U65b0\U7684ACL\U6e2c\U8a66\U4e2d";
    fid = forumid;
}
2016-10-12 16:21:49.917 [Debug] /Users/gongsy/Desktop/xing/ITSDemo_zl/InternetStir/Services/RemoteService.m -[RemoteService userLike:] 897 : userLike URL: http://106.185.48.211:8080/v0/forums/017d8be4-8d03-4722-ae8e-6500c086f2ec/935fbf78-9e1d-4e97-b48d-9885b2d65223/like?_s=
2016-10-12 16:21:50.287 [Debug] /Users/gongsy/Desktop/xing/ITSDemo_zl/InternetStir/Momock/MMHttpSession.m __24-[MMHttpSession execute]_block_invoke 48 : CMHttpSession response headers of http://106.185.48.211:8080/v0/forums/017d8be4-8d03-4722-ae8e-6500c086f2ec/935fbf78-9e1d-4e97-b48d-9885b2d65223/like?_s=  [200]
2016-10-12 16:21:50.290 [Debug] /Users/gongsy/Desktop/xing/ITSDemo_zl/InternetStir/Momock/MMHttpSession.m __24-[MMHttpSession execute]_block_invoke 53 : Date = Wed, 12 Oct 2016 08:21:50 GMT
2016-10-12 16:21:50.292 [Debug] /Users/gongsy/Desktop/xing/ITSDemo_zl/InternetStir/Momock/MMHttpSession.m __24-[MMHttpSession execute]_block_invoke 53 : Etag = W/"32-hYhZWampOfmiUebwIwPt2w"
2016-10-12 16:21:50.295 [Debug] /Users/gongsy/Desktop/xing/ITSDemo_zl/InternetStir/Momock/MMHttpSession.m __24-[MMHttpSession execute]_block_invoke 53 : Content-Length = 50
2016-10-12 16:21:50.297 [Debug] /Users/gongsy/Desktop/xing/ITSDemo_zl/InternetStir/Momock/MMHttpSession.m __24-[MMHttpSession execute]_block_invoke 53 : Content-Type = application/json; charset=utf-8
2016-10-12 16:21:50.301 [Debug] /Users/gongsy/Desktop/xing/ITSDemo_zl/InternetStir/Momock/MMHttpSession.m __24-[MMHttpSession execute]_block_invoke 53 : Connection = keep-alive
2016-10-12 16:21:50.304 [Debug] /Users/gongsy/Desktop/xing/ITSDemo_zl/InternetStir/Momock/MMHttpSession.m __24-[MMHttpSession execute]_block_invoke 53 : Access-Control-Allow-Origin = *
2016-10-12 16:21:50.307 [Debug] /Users/gongsy/Desktop/xing/ITSDemo_zl/InternetStir/Services/RemoteService.m __26-[RemoteService userLike:]_block_invoke 907 : userLike RSP: {
    error = "session token is empty";
    success = 0;
}
2016-10-12 16:21:50.896 [Debug] /Users/gongsy/Desktop/xing/ITSDemo_zl/InternetStir/Services/RemoteService.m -[RemoteService userUnlike:] 926 : userUnlike URL: http://106.185.48.211:8080/v0/forums/017d8be4-8d03-4722-ae8e-6500c086f2ec/935fbf78-9e1d-4e97-b48d-9885b2d65223/like?_s=
2016-10-12 16:21:50.899 [Debug] /Users/gongsy/Desktop/xing/ITSDemo_zl/InternetStir/Services/ReportService.m -[ReportService recordEvent:params:eventCategory:] 350 : Report Event : id = -heart, params = {
    context = "\U65b0\U7684ACL\U6e2c\U8a66\U4e2d";
    fid = forumid;
}
2016-10-12 16:21:51.241 [Debug] /Users/gongsy/Desktop/xing/ITSDemo_zl/InternetStir/Momock/MMHttpSession.m __24-[MMHttpSession execute]_block_invoke 48 : CMHttpSession response headers of http://106.185.48.211:8080/v0/forums/017d8be4-8d03-4722-ae8e-6500c086f2ec/935fbf78-9e1d-4e97-b48d-9885b2d65223/like?_s=  [200]
2016-10-12 16:21:51.244 [Debug] /Users/gongsy/Desktop/xing/ITSDemo_zl/InternetStir/Momock/MMHttpSession.m __24-[MMHttpSession execute]_block_invoke 53 : Date = Wed, 12 Oct 2016 08:21:51 GMT
2016-10-12 16:21:51.247 [Debug] /Users/gongsy/Desktop/xing/ITSDemo_zl/InternetStir/Momock/MMHttpSession.m __24-[MMHttpSession execute]_block_invoke 53 : Etag = W/"32-hYhZWampOfmiUebwIwPt2w"
2016-10-12 16:21:51.249 [Debug] /Users/gongsy/Desktop/xing/ITSDemo_zl/InternetStir/Momock/MMHttpSession.m __24-[MMHttpSession execute]_block_invoke 53 : Content-Length = 50
2016-10-12 16:21:51.253 [Debug] /Users/gongsy/Desktop/xing/ITSDemo_zl/InternetStir/Momock/MMHttpSession.m __24-[MMHttpSession execute]_block_invoke 53 : Content-Type = application/json; charset=utf-8
2016-10-12 16:21:51.255 [Debug] /Users/gongsy/Desktop/xing/ITSDemo_zl/InternetStir/Momock/MMHttpSession.m __24-[MMHttpSession execute]_block_invoke 53 : Connection = keep-alive
2016-10-12 16:21:51.258 [Debug] /Users/gongsy/Desktop/xing/ITSDemo_zl/InternetStir/Momock/MMHttpSession.m __24-[MMHttpSession execute]_block_invoke 53 : Access-Control-Allow-Origin = *
2016-10-12 16:21:51.261 [Debug] /Users/gongsy/Desktop/xing/ITSDemo_zl/InternetStir/Services/RemoteService.m __28-[RemoteService userUnlike:]_block_invoke 936 : userUnlike RSP: {
    error = "session token is empty";
    success = 0;
}
2016-10-12 16:21:53.465 [Debug] /Users/gongsy/Desktop/xing/ITSDemo_zl/InternetStir/Services/ReportService.m -[ReportService recordEvent:params:eventCategory:] 350 : Report Event : id = +heart, params = {
    context = "\U65b0\U7684ACL\U6e2c\U8a66\U4e2d";
    fid = forumid;
}
2016-10-12 16:21:53.469 [Debug] /Users/gongsy/Desktop/xing/ITSDemo_zl/InternetStir/Services/RemoteService.m -[RemoteService userLike:] 897 : userLike URL: http://106.185.48.211:8080/v0/forums/017d8be4-8d03-4722-ae8e-6500c086f2ec/935fbf78-9e1d-4e97-b48d-9885b2d65223/like?_s=
2016-10-12 16:21:53.775 [Debug] /Users/gongsy/Desktop/xing/ITSDemo_zl/InternetStir/Momock/MMHttpSession.m __24-[MMHttpSession execute]_block_invoke 48 : CMHttpSession response headers of http://106.185.48.211:8080/v0/forums/017d8be4-8d03-4722-ae8e-6500c086f2ec/935fbf78-9e1d-4e97-b48d-9885b2d65223/like?_s=  [200]
2016-10-12 16:21:53.778 [Debug] /Users/gongsy/Desktop/xing/ITSDemo_zl/InternetStir/Momock/MMHttpSession.m __24-[MMHttpSession execute]_block_invoke 53 : Date = Wed, 12 Oct 2016 08:21:53 GMT
2016-10-12 16:21:53.780 [Debug] /Users/gongsy/Desktop/xing/ITSDemo_zl/InternetStir/Momock/MMHttpSession.m __24-[MMHttpSession execute]_block_invoke 53 : Etag = W/"32-hYhZWampOfmiUebwIwPt2w"
2016-10-12 16:21:53.783 [Debug] /Users/gongsy/Desktop/xing/ITSDemo_zl/InternetStir/Momock/MMHttpSession.m __24-[MMHttpSession execute]_block_invoke 53 : Content-Length = 50
2016-10-12 16:21:53.786 [Debug] /Users/gongsy/Desktop/xing/ITSDemo_zl/InternetStir/Momock/MMHttpSession.m __24-[MMHttpSession execute]_block_invoke 53 : Content-Type = application/json; charset=utf-8
2016-10-12 16:21:53.788 [Debug] /Users/gongsy/Desktop/xing/ITSDemo_zl/InternetStir/Momock/MMHttpSession.m __24-[MMHttpSession execute]_block_invoke 53 : Connection = keep-alive
2016-10-12 16:21:53.791 [Debug] /Users/gongsy/Desktop/xing/ITSDemo_zl/InternetStir/Momock/MMHttpSession.m __24-[MMHttpSession execute]_block_invoke 53 : Access-Control-Allow-Origin = *
2016-10-12 16:21:53.793 [Debug] /Users/gongsy/Desktop/xing/ITSDemo_zl/InternetStir/Services/RemoteService.m __26-[RemoteService userLike:]_block_invoke 907 : userLike RSP: {
    error = "session token is empty";
    success = 0;
}
2016-10-12 16:21:54.183 [Debug] /Users/gongsy/Desktop/xing/ITSDemo_zl/InternetStir/Services/RemoteService.m -[RemoteService userUnlike:] 926 : userUnlike URL: http://106.185.48.211:8080/v0/forums/017d8be4-8d03-4722-ae8e-6500c086f2ec/935fbf78-9e1d-4e97-b48d-9885b2d65223/like?_s=
2016-10-12 16:21:54.186 [Debug] /Users/gongsy/Desktop/xing/ITSDemo_zl/InternetStir/Services/ReportService.m -[ReportService recordEvent:params:eventCategory:] 350 : Report Event : id = -heart, params = {
    context = "\U65b0\U7684ACL\U6e2c\U8a66\U4e2d";
    fid = forumid;
}
2016-10-12 16:21:54.483 [Debug] /Users/gongsy/Desktop/xing/ITSDemo_zl/InternetStir/Momock/MMHttpSession.m __24-[MMHttpSession execute]_block_invoke 48 : CMHttpSession response headers of http://106.185.48.211:8080/v0/forums/017d8be4-8d03-4722-ae8e-6500c086f2ec/935fbf78-9e1d-4e97-b48d-9885b2d65223/like?_s=  [200]
2016-10-12 16:21:54.486 [Debug] /Users/gongsy/Desktop/xing/ITSDemo_zl/InternetStir/Momock/MMHttpSession.m __24-[MMHttpSession execute]_block_invoke 53 : Date = Wed, 12 Oct 2016 08:21:54 GMT
2016-10-12 16:21:54.488 [Debug] /Users/gongsy/Desktop/xing/ITSDemo_zl/InternetStir/Momock/MMHttpSession.m __24-[MMHttpSession execute]_block_invoke 53 : Etag = W/"32-hYhZWampOfmiUebwIwPt2w"
2016-10-12 16:21:54.491 [Debug] /Users/gongsy/Desktop/xing/ITSDemo_zl/InternetStir/Momock/MMHttpSession.m __24-[MMHttpSession execute]_block_invoke 53 : Content-Length = 50
2016-10-12 16:21:54.493 [Debug] /Users/gongsy/Desktop/xing/ITSDemo_zl/InternetStir/Momock/MMHttpSession.m __24-[MMHttpSession execute]_block_invoke 53 : Content-Type = application/json; charset=utf-8
2016-10-12 16:21:54.495 [Debug] /Users/gongsy/Desktop/xing/ITSDemo_zl/InternetStir/Momock/MMHttpSession.m __24-[MMHttpSession execute]_block_invoke 53 : Connection = keep-alive
2016-10-12 16:21:54.498 [Debug] /Users/gongsy/Desktop/xing/ITSDemo_zl/InternetStir/Momock/MMHttpSession.m __24-[MMHttpSession execute]_block_invoke 53 : Access-Control-Allow-Origin = *
2016-10-12 16:21:54.500 [Debug] /Users/gongsy/Desktop/xing/ITSDemo_zl/InternetStir/Services/RemoteService.m __28-[RemoteService userUnlike:]_block_invoke 936 : userUnlike RSP: {
    error = "session token is empty";
    success = 0;
}
2016-10-12 16:22:05.306 [Debug] /Users/gongsy/Desktop/xing/ITSDemo_zl/InternetStir/Services/FacebookService.m __48-[FacebookService facebookLogin:viewController:]_block_invoke 154 : FB login rsp:  <FBSDKLoginManagerLoginResult: 0x1289db1c0>
2016-10-12 16:22:05.360 [Debug] /Users/gongsy/Desktop/xing/ITSDemo_zl/InternetStir/Services/ReportService.m -[ReportService recordEvent:params:eventCategory:] 350 : Report Event : id = list, params = {
}
2016-10-12 16:22:05.567 [Debug] /Users/gongsy/Desktop/xing/ITSDemo_zl/InternetStir/Services/FacebookService.m __35-[FacebookService facebookUserInfo]_block_invoke 30 : FB user info:  {
    "age_range" =     {
        min = 21;
    };
    email = "2545859135@qq.com";
    "first_name" = "\U661f\U4e91";
    gender = female;
    id = 300363533678722;
    link = "https://www.facebook.com/app_scoped_user_id/300363533678722/";
    locale = "zh_CN";
    name = "\U90a2\U661f\U4e91";
    picture =     {
        data =         {
            "is_silhouette" = 0;
            url = "https://scontent.xx.fbcdn.net/v/t1.0-1/p50x50/13343006_237799286601814_1127493610470010918_n.jpg?oh=2c0b93f94e745511a9bd0e7d15f6a330&oe=586BDE84";
        };
    };
    timezone = 8;
    "updated_time" = "2016-08-23T07:16:21+0000";
    verified = 1;
}
2016-10-12 16:22:05.569 [Debug] /Users/gongsy/Desktop/xing/ITSDemo_zl/InternetStir/Services/ReportService.m -[ReportService recordEvent:params:eventCategory:] 350 : Report Event : id = ok, params = {
    userId = 300363533678722;
}
2016-10-12 16:22:05.572 [Debug] /Users/gongsy/Desktop/xing/ITSDemo_zl/InternetStir/Services/RemoteService.m -[RemoteService doLogin:uid:name:avator:accessToken:type:callback:] 707 : Login URL: http://106.185.48.211:8080/v0/auth/login?channel=017d8be4-8d03-4722-ae8e-6500c086f2ec
2016-10-12 16:22:05.574 [Debug] /Users/gongsy/Desktop/xing/ITSDemo_zl/InternetStir/Momock/MMHttpSession.m -[MMHttpSession doPostJSON:reqHeader:reqBody:callback:] 160 : MMHttpService: Post Body = {
  "email" : "2545859135@qq.com",
  "access_token" : "EAAEh3x06N20BAJKGBWbDXG8dMniABNiZBR3egyGA14CrPhe1nsT2vzUfm0UrhWLzQwZBZB2X5muxzer4uehQhuuoKPrdzbEVFjaIVt2lJEKHFolrBhQ9tdRubYZC7tw9m10YxL1EkXNQmlZCoHiCvJXkrJoai0y64HpSUH3WC1pbwY3PePC05eRIjBhDRYPj4o8nwyiaL82ooB11lZA3T8dZAJ0ymFawOPT64iv5fapZBwZDZD",
  "uid" : "300363533678722",
  "type" : 1,
  "name" : "邢星云",
  "avatar" : "https:\/\/scontent.xx.fbcdn.net\/v\/t1.0-1\/p50x50\/13343006_237799286601814_1127493610470010918_n.jpg?oh=2c0b93f94e745511a9bd0e7d15f6a330&oe=586BDE84"
}
2016-10-12 16:22:05.872 [Debug] /Users/gongsy/Desktop/xing/ITSDemo_zl/InternetStir/Momock/MMHttpSession.m __24-[MMHttpSession execute]_block_invoke 48 : CMHttpSession response headers of http://106.185.48.211:8080/v0/auth/login?channel=017d8be4-8d03-4722-ae8e-6500c086f2ec  [200]
2016-10-12 16:22:05.875 [Debug] /Users/gongsy/Desktop/xing/ITSDemo_zl/InternetStir/Momock/MMHttpSession.m __24-[MMHttpSession execute]_block_invoke 53 : Date = Wed, 12 Oct 2016 08:22:05 GMT
2016-10-12 16:22:05.879 [Debug] /Users/gongsy/Desktop/xing/ITSDemo_zl/InternetStir/Momock/MMHttpSession.m __24-[MMHttpSession execute]_block_invoke 53 : Etag = W/"16a-b6fDzf4YmpPJ4guRaxF4aQ"
2016-10-12 16:22:05.881 [Debug] /Users/gongsy/Desktop/xing/ITSDemo_zl/InternetStir/Momock/MMHttpSession.m __24-[MMHttpSession execute]_block_invoke 53 : Content-Length = 362
2016-10-12 16:22:05.883 [Debug] /Users/gongsy/Desktop/xing/ITSDemo_zl/InternetStir/Momock/MMHttpSession.m __24-[MMHttpSession execute]_block_invoke 53 : Content-Type = application/json; charset=utf-8
2016-10-12 16:22:05.885 [Debug] /Users/gongsy/Desktop/xing/ITSDemo_zl/InternetStir/Momock/MMHttpSession.m __24-[MMHttpSession execute]_block_invoke 53 : Connection = keep-alive
2016-10-12 16:22:05.887 [Debug] /Users/gongsy/Desktop/xing/ITSDemo_zl/InternetStir/Momock/MMHttpSession.m __24-[MMHttpSession execute]_block_invoke 53 : Access-Control-Allow-Origin = *
2016-10-12 16:22:05.889 [Debug] /Users/gongsy/Desktop/xing/ITSDemo_zl/InternetStir/Services/RemoteService.m __67-[RemoteService doLogin:uid:name:avator:accessToken:type:callback:]_block_invoke 730 : Login RSP: {
    profile =     {
        acl =         {
            object = "<null>";
            role = user;
        };
        avatar = "https://scontent.xx.fbcdn.net/v/t1.0-1/p50x50/13343006_237799286601814_1127493610470010918_n.jpg?oh=2c0b93f94e745511a9bd0e7d15f6a330&oe=586BDE84";
        email = "2545859135@qq.com";
        name = "\U90a2\U661f\U4e91";
        session = "15c833bf-01ff-4ffc-8d99-1e59edd08c79";
        uuid = "0ee222dd-f351-47b6-b658-43d202909ed6";
    };
    success = 1;
}
2016-10-12 16:22:20.056 [Debug] /Users/gongsy/Desktop/xing/ITSDemo_zl/InternetStir/Services/ReportService.m -[ReportService recordEvent:params:eventCategory:] 350 : Report Event : id = +heart, params = {
    context = "\U65b0\U7684ACL\U6e2c\U8a66\U4e2d";
    fid = forumid;
}
2016-10-12 16:22:20.059 [Debug] /Users/gongsy/Desktop/xing/ITSDemo_zl/InternetStir/Services/RemoteService.m -[RemoteService userLike:] 897 : userLike URL: http://106.185.48.211:8080/v0/forums/017d8be4-8d03-4722-ae8e-6500c086f2ec/935fbf78-9e1d-4e97-b48d-9885b2d65223/like?_s=15c833bf-01ff-4ffc-8d99-1e59edd08c79
2016-10-12 16:22:20.519 [Debug] /Users/gongsy/Desktop/xing/ITSDemo_zl/InternetStir/Momock/MMHttpSession.m __24-[MMHttpSession execute]_block_invoke 48 : CMHttpSession response headers of http://106.185.48.211:8080/v0/forums/017d8be4-8d03-4722-ae8e-6500c086f2ec/935fbf78-9e1d-4e97-b48d-9885b2d65223/like?_s=15c833bf-01ff-4ffc-8d99-1e59edd08c79  [200]
2016-10-12 16:22:20.522 [Debug] /Users/gongsy/Desktop/xing/ITSDemo_zl/InternetStir/Momock/MMHttpSession.m __24-[MMHttpSession execute]_block_invoke 53 : Date = Wed, 12 Oct 2016 08:22:20 GMT
2016-10-12 16:22:20.524 [Debug] /Users/gongsy/Desktop/xing/ITSDemo_zl/InternetStir/Momock/MMHttpSession.m __24-[MMHttpSession execute]_block_invoke 53 : Etag = W/"11-wKQin2UUhiiybkUTBN2saA"
2016-10-12 16:22:20.526 [Debug] /Users/gongsy/Desktop/xing/ITSDemo_zl/InternetStir/Momock/MMHttpSession.m __24-[MMHttpSession execute]_block_invoke 53 : Content-Length = 17
2016-10-12 16:22:20.529 [Debug] /Users/gongsy/Desktop/xing/ITSDemo_zl/InternetStir/Momock/MMHttpSession.m __24-[MMHttpSession execute]_block_invoke 53 : Content-Type = application/json; charset=utf-8
2016-10-12 16:22:20.532 [Debug] /Users/gongsy/Desktop/xing/ITSDemo_zl/InternetStir/Momock/MMHttpSession.m __24-[MMHttpSession execute]_block_invoke 53 : Connection = keep-alive
2016-10-12 16:22:20.534 [Debug] /Users/gongsy/Desktop/xing/ITSDemo_zl/InternetStir/Momock/MMHttpSession.m __24-[MMHttpSession execute]_block_invoke 53 : Access-Control-Allow-Origin = *
2016-10-12 16:22:20.537 [Debug] /Users/gongsy/Desktop/xing/ITSDemo_zl/InternetStir/Services/RemoteService.m __26-[RemoteService userLike:]_block_invoke 907 : userLike RSP: {
    success = 0;
}
2016-10-12 16:22:33.122 [Debug] /Users/gongsy/Desktop/xing/ITSDemo_zl/InternetStir/Services/ReportService.m -[ReportService recordEvent:params:eventCategory:] 350 : Report Event : id = list.loading.up, params = {
}
2016-10-12 16:22:33.125 [Debug] /Users/gongsy/Desktop/xing/ITSDemo_zl/InternetStir/Services/RemoteService.m -[RemoteService getCelebCommentListData:timeType:] 773 : Celeb Comment data refresh url = http://106.185.48.211:8080/v0/forums/017d8be4-8d03-4722-ae8e-6500c086f2ec?after=1475827273444&size=10&_s=15c833bf-01ff-4ffc-8d99-1e59edd08c79
2016-10-12 16:22:33.626 [Debug] /Users/gongsy/Desktop/xing/ITSDemo_zl/InternetStir/Momock/MMHttpSession.m __24-[MMHttpSession execute]_block_invoke 48 : CMHttpSession response headers of http://106.185.48.211:8080/v0/forums/017d8be4-8d03-4722-ae8e-6500c086f2ec?after=1475827273444&size=10&_s=15c833bf-01ff-4ffc-8d99-1e59edd08c79  [200]
2016-10-12 16:22:33.631 [Debug] /Users/gongsy/Desktop/xing/ITSDemo_zl/InternetStir/Momock/MMHttpSession.m __24-[MMHttpSession execute]_block_invoke 53 : Date = Wed, 12 Oct 2016 08:22:33 GMT
2016-10-12 16:22:33.633 [Debug] /Users/gongsy/Desktop/xing/ITSDemo_zl/InternetStir/Momock/MMHttpSession.m __24-[MMHttpSession execute]_block_invoke 53 : Etag = W/"19-tfC3K8kBnojarPgtyhHBkw"
2016-10-12 16:22:33.636 [Debug] /Users/gongsy/Desktop/xing/ITSDemo_zl/InternetStir/Momock/MMHttpSession.m __24-[MMHttpSession execute]_block_invoke 53 : Content-Length = 25
2016-10-12 16:22:33.640 [Debug] /Users/gongsy/Desktop/xing/ITSDemo_zl/InternetStir/Momock/MMHttpSession.m __24-[MMHttpSession execute]_block_invoke 53 : Content-Type = application/json; charset=utf-8
2016-10-12 16:22:33.642 [Debug] /Users/gongsy/Desktop/xing/ITSDemo_zl/InternetStir/Momock/MMHttpSession.m __24-[MMHttpSession execute]_block_invoke 53 : Connection = keep-alive
2016-10-12 16:22:33.644 [Debug] /Users/gongsy/Desktop/xing/ITSDemo_zl/InternetStir/Momock/MMHttpSession.m __24-[MMHttpSession execute]_block_invoke 53 : Access-Control-Allow-Origin = *
2016-10-12 16:22:33.646 [Debug] /Users/gongsy/Desktop/xing/ITSDemo_zl/InternetStir/Services/RemoteService.m __50-[RemoteService getCelebCommentListData:timeType:]_block_invoke 777 : Celeb Comment Data rsp: status = 4 , code = 200
2016-10-12 16:22:33.648 [Debug] /Users/gongsy/Desktop/xing/ITSDemo_zl/InternetStir/Services/RemoteService.m __50-[RemoteService getCelebCommentListData:timeType:]_block_invoke 785 : Celeb Comment Data rsp data: {"count":0,"contexts":[]}
2016-10-12 16:22:40.999 [Debug] /Users/gongsy/Desktop/xing/ITSDemo_zl/InternetStir/Momock/MMEventService.m -[MMEventService send:eventData:] 83 : send event CELEB_COMMENT_REFRESH
