========log start========
2016-10-13 09:23:22.308 [Debug] /Users/gongsy/Desktop/xing/ITSDemo_zl/InternetStir/Services/ConfigService.m -[ConfigService copyToLocaleFileSystem:fromFile:] 145 : copy file write data 1
2016-10-13 09:23:22.321 [Debug] /Users/gongsy/Desktop/xing/ITSDemo_zl/InternetStir/Services/ConfigService.m -[ConfigService copyToLocaleFileSystem:fromFile:] 145 : copy file write data 1
2016-10-13 09:23:22.331 [Debug] /Users/gongsy/Desktop/xing/ITSDemo_zl/InternetStir/Services/ConfigService.m -[ConfigService copyToLocaleFileSystem:fromFile:] 145 : copy file write data 1
2016-10-13 09:23:22.339 [Debug] /Users/gongsy/Desktop/xing/ITSDemo_zl/InternetStir/Services/ConfigService.m -[ConfigService copyToLocaleFileSystem:fromFile:] 145 : copy file write data 1
2016-10-13 09:23:22.350 [Debug] /Users/gongsy/Desktop/xing/ITSDemo_zl/InternetStir/Services/ConfigService.m -[ConfigService copyToLocaleFileSystem:fromFile:] 145 : copy file write data 1
2016-10-13 09:23:22.362 [Debug] /Users/gongsy/Desktop/xing/ITSDemo_zl/InternetStir/Services/ConfigService.m -[ConfigService copyToLocaleFileSystem:fromFile:] 145 : copy file write data 1
2016-10-13 09:23:22.371 [Debug] /Users/gongsy/Desktop/xing/ITSDemo_zl/InternetStir/Services/ConfigService.m -[ConfigService copyToLocaleFileSystem:fromFile:] 145 : copy file write data 1
2016-10-13 09:23:22.381 [Debug] /Users/gongsy/Desktop/xing/ITSDemo_zl/InternetStir/Services/ConfigService.m -[ConfigService copyToLocaleFileSystem:fromFile:] 145 : copy file write data 1
2016-10-13 09:23:22.656 [Debug] /Users/gongsy/Desktop/xing/ITSDemo_zl/InternetStir/Services/ReportService.m -[ReportService recordEvent:params:eventCategory:] 350 : Report Event : id = ch, params = {
    ch = tomotoc001;
    cid = "";
}
2016-10-13 09:23:22.704 [Debug] /Users/gongsy/Desktop/xing/ITSDemo_zl/InternetStir/Services/RemoteService.m -[RemoteService doConnect] 324 : connect url = http://106.185.48.211:8080/v0/connector
2016-10-13 09:23:22.726 [Debug] /Users/gongsy/Desktop/xing/ITSDemo_zl/InternetStir/Services/RemoteService.m -[RemoteService doConnect] 364 : data = {
  "did" : "57fdf296ef7626ac07327b03",
  "device" : {
    "pid" : "",
    "os_v" : "9.2",
    "app_v" : "1.0.3",
    "os" : "ios",
    "app" : "io.tomoto.c001",
    "group" : "",
    "ch" : "017d8be4-8d03-4722-ae8e-6500c086f2ec",
    "sh" : "667",
    "lang" : "zh-Hans-HK",
    "ua" : "ios;MANUFACTURER\/APPLE;MODEL\/iPhone7,2;BOARD\/APPLE;BRAND\/APPLE;DEVICE\/APPLE;HARDWARE\/APPLE;PRODUCT\/APPLE",
    "sw" : "375",
    "country" : "HK",
    "aid" : "F2E819F9-EDE3-47EE-9E19-3705ACA60BC2",
    "sn" : "D19E339E-AEBB-45F0-A994-133F59A1CB69"
  },
  "channel" : "017d8be4-8d03-4722-ae8e-6500c086f2ec",
  "update" : false
}
2016-10-13 09:23:22.727 [Debug] /Users/gongsy/Desktop/xing/ITSDemo_zl/InternetStir/Momock/MMHttpSession.m -[MMHttpSession doPostJSON:reqHeader:reqBody:callback:] 160 : MMHttpService: Post Body = {
  "did" : "57fdf296ef7626ac07327b03",
  "device" : {
    "pid" : "",
    "os_v" : "9.2",
    "app_v" : "1.0.3",
    "os" : "ios",
    "app" : "io.tomoto.c001",
    "group" : "",
    "ch" : "017d8be4-8d03-4722-ae8e-6500c086f2ec",
    "sh" : "667",
    "lang" : "zh-Hans-HK",
    "ua" : "ios;MANUFACTURER\/APPLE;MODEL\/iPhone7,2;BOARD\/APPLE;BRAND\/APPLE;DEVICE\/APPLE;HARDWARE\/APPLE;PRODUCT\/APPLE",
    "sw" : "375",
    "country" : "HK",
    "aid" : "F2E819F9-EDE3-47EE-9E19-3705ACA60BC2",
    "sn" : "D19E339E-AEBB-45F0-A994-133F59A1CB69"
  },
  "channel" : "017d8be4-8d03-4722-ae8e-6500c086f2ec",
  "update" : false
}
2016-10-13 09:23:22.999 [Debug] /Users/gongsy/Desktop/xing/ITSDemo_zl/InternetStir/Momock/MMHttpSession.m __24-[MMHttpSession execute]_block_invoke 48 : CMHttpSession response headers of http://106.185.48.211:8080/v0/connector  [200]
2016-10-13 09:23:23.001 [Debug] /Users/gongsy/Desktop/xing/ITSDemo_zl/InternetStir/Momock/MMHttpSession.m __24-[MMHttpSession execute]_block_invoke 53 : Date = Thu, 13 Oct 2016 01:23:22 GMT
2016-10-13 09:23:23.003 [Debug] /Users/gongsy/Desktop/xing/ITSDemo_zl/InternetStir/Momock/MMHttpSession.m __24-[MMHttpSession execute]_block_invoke 53 : Etag = W/"270-bFT3woFwoOjt0+KelAUOYQ"
2016-10-13 09:23:23.004 [Debug] /Users/gongsy/Desktop/xing/ITSDemo_zl/InternetStir/Momock/MMHttpSession.m __24-[MMHttpSession execute]_block_invoke 53 : Content-Length = 624
2016-10-13 09:23:23.006 [Debug] /Users/gongsy/Desktop/xing/ITSDemo_zl/InternetStir/Momock/MMHttpSession.m __24-[MMHttpSession execute]_block_invoke 53 : Content-Type = application/json; charset=utf-8
2016-10-13 09:23:23.007 [Debug] /Users/gongsy/Desktop/xing/ITSDemo_zl/InternetStir/Momock/MMHttpSession.m __24-[MMHttpSession execute]_block_invoke 53 : Connection = keep-alive
2016-10-13 09:23:23.008 [Debug] /Users/gongsy/Desktop/xing/ITSDemo_zl/InternetStir/Momock/MMHttpSession.m __24-[MMHttpSession execute]_block_invoke 53 : Access-Control-Allow-Origin = *
2016-10-13 09:23:23.011 [Debug] /Users/gongsy/Desktop/xing/ITSDemo_zl/InternetStir/Services/RemoteService.m __26-[RemoteService doConnect]_block_invoke 368 : connect rsp: status = 4 , code = 200
2016-10-13 09:23:23.014 [Debug] /Users/gongsy/Desktop/xing/ITSDemo_zl/InternetStir/Services/RemoteService.m __26-[RemoteService doConnect]_block_invoke 385 : Get connect Data rsp data: {"baseUrl":"/v0","channel":"017d8be4-8d03-4722-ae8e-6500c086f2ec","dch":"","did":"57fdf296ef7626ac07327b03","update":0,"name":"Jacob-爾賢就是愛生活","categories":[{"type":"facebook","label":"Facebook","url":"https://www.facebook.com/jacob.ek07"},{"type":"instagram","label":"Instagram","url":"https://www.instagram.com/jacob.ek07"},{"type":"youtube","label":"Youtube","url":"https://m.youtube.com/channel/UCfcGjEq_b-7lfBbD8tQSYNg/videos"}],"launch":null,"avatar":"https://scontent-tpe1-1.xx.fbcdn.net/v/t1.0-1/p160x160/12938287_972142962863863_37536436875128892_n.jpg?oh=0501feabb5712a2951a9baeb4522c1a1&oe=58607417"}
2016-10-13 09:23:23.022 [Debug] /Users/gongsy/Desktop/xing/ITSDemo_zl/InternetStir/Services/DataService.m -[DataService setConnectRespData:] 362 : Connect Rsp : {
  "update" : 0,
  "channel" : "017d8be4-8d03-4722-ae8e-6500c086f2ec",
  "did" : "57fdf296ef7626ac07327b03",
  "categories" : [
    {
      "type" : "facebook",
      "label" : "Facebook",
      "url" : "https:\/\/www.facebook.com\/jacob.ek07"
    },
    {
      "type" : "instagram",
      "label" : "Instagram",
      "url" : "https:\/\/www.instagram.com\/jacob.ek07"
    },
    {
      "type" : "youtube",
      "label" : "Youtube",
      "url" : "https:\/\/m.youtube.com\/channel\/UCfcGjEq_b-7lfBbD8tQSYNg\/videos"
    }
  ],
  "launch" : null,
  "dch" : "",
  "avatar" : "https:\/\/scontent-tpe1-1.xx.fbcdn.net\/v\/t1.0-1\/p160x160\/12938287_972142962863863_37536436875128892_n.jpg?oh=0501feabb5712a2951a9baeb4522c1a1&oe=58607417",
  "baseUrl" : "\/v0",
  "name" : "Jacob-爾賢就是愛生活"
}
2016-10-13 09:23:23.082 [Debug] /Users/gongsy/Desktop/xing/ITSDemo_zl/InternetStir/Momock/MMEventService.m -[MMEventService send:eventData:] 83 : send event POPOCONNECT
2016-10-13 09:23:26.180 [Debug] /Users/gongsy/Desktop/xing/ITSDemo_zl/InternetStir/Services/ReportService.m -[ReportService recordEvent:params:eventCategory:] 350 : Report Event : id = select, params = {
}
2016-10-13 09:23:26.242 [Debug] /Users/gongsy/Desktop/xing/ITSDemo_zl/InternetStir/Services/ReportService.m -[ReportService recordEvent:params:eventCategory:] 350 : Report Event : id = comment, params = {
}
2016-10-13 09:23:26.244 [Debug] /Users/gongsy/Desktop/xing/ITSDemo_zl/InternetStir/Services/ReportService.m -[ReportService recordEvent:params:eventCategory:] 350 : Report Event : id = list, params = {
}
2016-10-13 09:23:26.253 [Debug] /Users/gongsy/Desktop/xing/ITSDemo_zl/InternetStir/Services/ReportService.m -[ReportService recordEvent:params:eventCategory:] 350 : Report Event : id = list.loading.up, params = {
}
2016-10-13 09:23:26.255 [Debug] /Users/gongsy/Desktop/xing/ITSDemo_zl/InternetStir/Services/RemoteService.m -[RemoteService getCelebCommentListData:timeType:] 773 : Celeb Comment data refresh url = http://106.185.48.211:8080/v0/forums/017d8be4-8d03-4722-ae8e-6500c086f2ec?before=1476321806254&size=10
2016-10-13 09:23:26.546 [Debug] /Users/gongsy/Desktop/xing/ITSDemo_zl/InternetStir/Momock/MMHttpSession.m __24-[MMHttpSession execute]_block_invoke 48 : CMHttpSession response headers of http://106.185.48.211:8080/v0/forums/017d8be4-8d03-4722-ae8e-6500c086f2ec?before=1476321806254&size=10  [200]
2016-10-13 09:23:26.549 [Debug] /Users/gongsy/Desktop/xing/ITSDemo_zl/InternetStir/Momock/MMHttpSession.m __24-[MMHttpSession execute]_block_invoke 53 : Date = Thu, 13 Oct 2016 01:23:26 GMT
2016-10-13 09:23:26.552 [Debug] /Users/gongsy/Desktop/xing/ITSDemo_zl/InternetStir/Momock/MMHttpSession.m __24-[MMHttpSession execute]_block_invoke 53 : Etag = W/"301f-xh9sv3+Mww/+M6PKKq/QdQ"
2016-10-13 09:23:26.555 [Debug] /Users/gongsy/Desktop/xing/ITSDemo_zl/InternetStir/Momock/MMHttpSession.m __24-[MMHttpSession execute]_block_invoke 53 : Content-Length = 12319
2016-10-13 09:23:26.558 [Debug] /Users/gongsy/Desktop/xing/ITSDemo_zl/InternetStir/Momock/MMHttpSession.m __24-[MMHttpSession execute]_block_invoke 53 : Content-Type = application/json; charset=utf-8
2016-10-13 09:23:26.561 [Debug] /Users/gongsy/Desktop/xing/ITSDemo_zl/InternetStir/Momock/MMHttpSession.m __24-[MMHttpSession execute]_block_invoke 53 : Connection = keep-alive
2016-10-13 09:23:26.563 [Debug] /Users/gongsy/Desktop/xing/ITSDemo_zl/InternetStir/Momock/MMHttpSession.m __24-[MMHttpSession execute]_block_invoke 53 : Access-Control-Allow-Origin = *
2016-10-13 09:23:26.564 [Debug] /Users/gongsy/Desktop/xing/ITSDemo_zl/InternetStir/Services/RemoteService.m __50-[RemoteService getCelebCommentListData:timeType:]_block_invoke 777 : Celeb Comment Data rsp: status = 4 , code = 200
2016-10-13 09:23:26.574 [Debug] /Users/gongsy/Desktop/xing/ITSDemo_zl/InternetStir/Services/RemoteService.m __50-[RemoteService getCelebCommentListData:timeType:]_block_invoke 785 : Celeb Comment Data rsp data: {"count":10,"contexts":[{"uuid":"017d8be4-8d03-4722-ae8e-6500c086f2ec","context":"新的ACL測試中","attachments":["d0cce3475e533f16a83402ab9bbd0f1b"],"uts":1475827273444,"pts":1475827273444,"fid":"935fbf78-9e1d-4e97-b48d-9885b2d65223","comments":[{"rid":"e10f82d7-de3a-4ede-a344-b4ac98f0bbb9","fid":"935fbf78-9e1d-4e97-b48d-9885b2d65223","uuid":"6ff73379-6f67-4873-bc84-06063b983bf8","comment":"嗯哼","celeb":"5b917b59-0c77-4064-80af-074d00078753","cid":"bbbe920a-6f42-4b9f-bbf9-0867ef1b7acf","read":false,"uts":1476263966628,"pts":1476263966628,"_id":"57fe001e47456bde22bb406c","u_name":"Sheng NieOne","u_avatar":"http://graph.facebook.com/345931952411205/picture?type=large","u_role":"user","u_object":null},{"fid":"935fbf78-9e1d-4e97-b48d-9885b2d65223","uuid":"6ff73379-6f67-4873-bc84-06063b983bf8","comment":"哦哦哦","celeb":"08dfea9a-9ca9-428e-bdf7-9b3612fc54c5","rid":null,"cid":"e10f82d7-de3a-4ede-a344-b4ac98f0bbb9","read":false,"uts":1476263956397,"pts":1476263956397,"_id":"57fe001447456bde22bb406b","u_name":"Sheng NieOne","u_avatar":"http://graph.facebook.com/345931952411205/picture?type=large","u_role":"user","u_object":null},{"rid":"39e677b4-3063-48bc-aae5-2e361e800b00","fid":"935fbf78-9e1d-4e97-b48d-9885b2d65223","uuid":"6ff73379-6f67-4873-bc84-06063b983bf8","comment":"666","celeb":"65cc09b7-35ed-4cb6-83cd-c7db16f309d3","cid":"06e6a9fc-20c7-400a-900a-5ccd61001915","read":false,"uts":1476263945461,"pts":1476263945461,"_id":"57fe000947456bde22bb406a","u_name":"Sheng NieOne","u_avatar":"http://graph.facebook.com/345931952411205/picture?type=large","u_role":"user","u_object":null},{"fid":"935fbf78-9e1d-4e97-b48d-9885b2d65223","uuid":"6ff73379-6f67-4873-bc84-06063b983bf8","comment":"77777","celeb":"fe4bc268-09fd-43d7-b7c7-4206bcd2a361","rid":null,"cid":"39e677b4-3063-48bc-aae5-2e361e800b00","read":false,"uts":1476262374126,"pts":1476262374126,"_id":"57fdf9e647456bde22bb405b","u_name":"Sheng NieOne","u_avatar":"http://graph.facebook.com/345931952411205/picture?type=large","u_role":"user","u_object":null},{"rid":"30d73223-08ac-47c0-8447-457af5f7e7f2","fid":"935fbf78-9e1d-4e97-b48d-9885b2d65223","uuid":"6ff73379-6f67-4873-bc84-06063b983bf8","comment":"1111","celeb":"6a62930b-293d-4e45-84d3-d688051ccd9d","cid":"5d8f74eb-d703-42c7-90dd-5f4937002976","read":false,"uts":1476262323124,"pts":1476262323124,"_id":"57fdf9b347456bde22bb405a","u_name":"Sheng NieOne","u_avatar":"http://graph.facebook.com/345931952411205/picture?type=large","u_role":"user","u_object":null}],"likes":4,"count":5,"isLike":false},{"uuid":"017d8be4-8d03-4722-ae8e-6500c086f2ec","context":"還沒快閃到警察就來了....\n#就是愛生活 #lovelife\nmin_556012哈哈無奈的表情","attachments":["be99a9d0078b6f03d698ffb06f7f5335"],"uts":1475217617905,"pts":1475217617905,"fid":"56e87e2c-88a2-4685-8dad-34f4712f0d43","likes":5,"comments":[{"rid":"2ec082a0-256e-43cb-b48c-c75f7bcf98e9","fid":"56e87e2c-88a2-4685-8dad-34f4712f0d43","uuid":"6ff73379-6f67-4873-bc84-06063b983bf8","comment":"哈哈","celeb":"5ec015bd-27ec-472d-9199-70a91e4f0945","cid":"ff73a652-f895-4118-b5d1-95108e0d819b","read":false,"uts":1476265145463,"pts":1476265145463,"_id":"57fe04b947456bde22bb4074","u_name":"Sheng NieOne","u_avatar":"http://graph.facebook.com/345931952411205/picture?type=large","u_role":"user","u_object":null},{"rid":"81bf28ee-fc13-46ca-98ef-f76ea9cff190","fid":"56e87e2c-88a2-4685-8dad-34f4712f0d43","uuid":"6ff73379-6f67-4873-bc84-06063b983bf8","comment":"恩恩","celeb":"0f4e0abd-16b5-4b75-bed1-d889db817a92","cid":"3a19a5ba-7a8c-4a33-83b7-c6cc831d5200","read":false,"uts":1476265001915,"pts":1476265001915,"_id":"57fe042947456bde22bb4073","u_name":"Sheng NieOne","u_avatar":"http://graph.facebook.com/345931952411205/picture?type=large","u_role":"user","u_object":null},{"rid":"f4ec3fe0-43d0-4fcd-a0c5-499f9bfbbe18","fid":"56e87e2c-88a2-4685-8dad-34f4712f0d43","uuid":"6ff73379-6f67-4873-bc84-06063b983bf8","comment":"哈哈","celeb":"846720a0-6712-46b3-8636-33983bb79a1b","cid":"ac3a1897-652e-4198-899d-7f3fa2a11b6b","read":false,"uts":1476260797742,"pts":1476260797742,"_id":"57fdf3bd47456bde22bb404d","u_name":"Sheng NieOne","u_avatar":"http://graph.facebook.com/345931952411205/picture?type=large","u_role":"user","u_object":null},{"fid":"56e87e2c-88a2-4685-8dad-34f4712f0d43","uuid":"6ff73379-6f67-4873-bc84-06063b983bf8","comment":"瞓觉","celeb":"6b9656b4-5159-4750-bf8d-6e85e1448ffe","rid":null,"cid":"f4ec3fe0-43d0-4fcd-a0c5-499f9bfbbe18","read":false,"uts":1476260774216,"pts":1476260774216,"_id":"57fdf3a647456bde22bb404c","u_name":"Sheng NieOne","u_avatar":"http://graph.facebook.com/345931952411205/picture?type=large","u_role":"user","u_object":null},{"fid":"56e87e2c-88a2-4685-8dad-34f4712f0d43","uuid":"6ff73379-6f67-4873-bc84-06063b983bf8","comment":"好的","celeb":"a64fb43d-5238-444a-aa4e-3067588e71dd","rid":null,"cid":"c4c70c5a-ddf1-48e8-94e6-fc76f7c2994f","read":false,"uts":1476258270628,"pts":1476258270628,"_id":"57fde9de47456bde22bb4045","u_name":"Sheng NieOne","u_avatar":"http://graph.facebook.com/345931952411205/picture?type=large","u_role":"user","u_object":null}],"count":5,"isLike":false},{"uuid":"017d8be4-8d03-4722-ae8e-6500c086f2ec","context":"一切都來的太快 喘不過氣了。\n#就是愛生活 #lovelife","attachments":["0872d27d4f10931a07d27300136a7aca"],"uts":1475217497615,"pts":1475217497615,"fid":"91a05cde-1e6f-4375-9673-6332ea5f3bf9","likes":2,"comments":[],"count":0,"isLike":false},{"uuid":"017d8be4-8d03-4722-ae8e-6500c086f2ec","context":"今天帶著我的攝影小助理來酒吧拍片，結果他跟我說他第一次進這種場所....我跟他說絕對不能跟媽媽說是被我帶壞的！\n現在凌晨四點，我們帶著熱情結束了今天的拍攝 各位都辛苦了！\n#就是愛生活 #lovelife #filming\npingtian0821這是純情小處男啊","attachments":["197ba618ba99857f148595d6881497a0"],"uts":1475217401506,"pts":1475217401506,"fid":"e1d94ccc-cf86-488c-af75-a6866d9aecf0","likes":1,"comments":[],"count":0,"isLike":false},{"uuid":"017d8be4-8d03-4722-ae8e-6500c086f2ec","context":"真的超討厭那種有了女朋友就不認兄弟的！\n立馬標記馬子狗bj4 \nLike & Share （tag 3 friends)\nw/ 琳妲-林羿禎 WhitNey 卉妮 林家義 Austin 謝程凱 Kevin\n導演：高爾賢 Jacob\n攝影剪接： 范泛範\n＃就是愛生活 ＃lamigirls","attachments":["eca8b1a81db7daf0958654da6747af13"],"uts":1475217239790,"pts":1475217239790,"fid":"60ce1f5f-1774-4048-a077-bbfce34312dd","likes":1,"comments":[{"rid":"cce37aac-9a11-4abc-bf43-f2abea2e7ca3","fid":"60ce1f5f-1774-4048-a077-bbfce34312dd","uuid":"6ff73379-6f67-4873-bc84-06063b983bf8","comment":"不不不","celeb":"2670fef0-d531-4bff-a76e-9c344c90aaa7","cid":"2e0f088a-17f9-4f9d-b5b2-51ecfc138106","read":false,"uts":1476265320560,"pts":1476265320560,"_id":"57fe056847456bde22bb4077","u_name":"Sheng NieOne","u_avatar":"http://graph.facebook.com/345931952411205/picture?type=large","u_role":"user","u_object":null},{"rid":"a9801266-51e9-4b14-ae00-38e5bf80c64a","fid":"60ce1f5f-1774-4048-a077-bbfce34312dd","uuid":"6ff73379-6f67-4873-bc84-06063b983bf8","comment":"和呵呵哒","celeb":"94f7d6ee-5b0e-41ca-ad34-f1872b9e41dd","cid":"cce37aac-9a11-4abc-bf43-f2abea2e7ca3","read":false,"uts":1476265290279,"pts":1476265290279,"_id":"57fe054a47456bde22bb4076","u_name":"Sheng NieOne","u_avatar":"http://graph.facebook.com/345931952411205/picture?type=large","u_role":"user","u_object":null},{"fid":"60ce1f5f-1774-4048-a077-bbfce34312dd","uuid":"6ff73379-6f67-4873-bc84-06063b983bf8","comment":"啊啊啊啊","celeb":"51db3359-1fca-4fba-bdd4-2933a08db457","rid":null,"cid":"a9801266-51e9-4b14-ae00-38e5bf80c64a","read":false,"uts":1476265283086,"pts":1476265283086,"_id":"57fe054347456bde22bb4075","u_name":"Sheng NieOne","u_avatar":"http://graph.facebook.com/345931952411205/picture?type=large","u_role":"user","u_object":null},{"rid":"f03e41f7-058e-4d27-b4e0-2e65cb3caac6","fid":"60ce1f5f-1774-4048-a077-bbfce34312dd","uuid":"6ff73379-6f67-4873-bc84-06063b983bf8","comment":"嘎嘎","celeb":"a0e59d2d-df76-4eaa-b870-0e698aad216c","cid":"71aa31d3-af14-4e5f-8478-9f354d205410","read":false,"uts":1476264880203,"pts":1476264880203,"_id":"57fe03b047456bde22bb4072","u_name":"Sheng NieOne","u_avatar":"http://graph.facebook.com/345931952411205/picture?type=large","u_role":"user","u_object":null},{"rid":"f03e41f7-058e-4d27-b4e0-2e65cb3caac6","fid":"60ce1f5f-1774-4048-a077-bbfce34312dd","uuid":"6ff73379-6f67-4873-bc84-06063b983bf8","comment":"仔细","celeb":"11591386-f15b-4242-869b-135663830fcf","cid":"1eb41735-c44d-484e-991b-64cceac61f24","read":false,"uts":1476264861737,"pts":1476264861737,"_id":"57fe039d47456bde22bb4071","u_name":"Sheng NieOne","u_avatar":"http://graph.facebook.com/345931952411205/picture?type=large","u_role":"user","u_object":null}],"count":5,"isLike":false},{"uuid":"017d8be4-8d03-4722-ae8e-6500c086f2ec","context":"『年輕人要懂得吃苦，就算自己當老闆也有被客人指使的一天啊！』\n『分享給年輕人，標記老闆，標記司機』\n這次比較深奧的笑梗你們也懂嗎？！\nw/ 林懇 KEN 高爾賢 Jacob\n編導： 郭家禾\n＃就是愛生活 ＃沒有失敗就沒有成功 #振作","attachments":["ad60d4e80b4bdf5b7464bf38ec7cee54"],"uts":1475217037758,"pts":1475217037758,"fid":"717a94ea-6db4-4e8a-819e-3f65491d08ea","likes":2,"comments":[],"count":0,"isLike":false},{"uuid":"017d8be4-8d03-4722-ae8e-6500c086f2ec","context":"「以後如果女朋友都用這招我怎麼玩我的神奇寶貝.....」\nw/ WhitNey 卉妮 高爾賢 Jacob\n（tag 3 friends)\n#就是愛生活 #lovelife","attachments":["d0cce3475e533f16a83402ab9bbd0f1b"],"uts":1475216806277,"pts":1475216806277,"fid":"221ae836-ea10-4df5-a504-a9c51bf191ba","likes":0,"comments":[{"rid":"9f383949-2d19-4268-8b0b-ccdd9f236c87","fid":"221ae836-ea10-4df5-a504-a9c51bf191ba","uuid":"017d8be4-8d03-4722-ae8e-6500c086f2ec","comment":"試試看reply","cid":"f5fe5085-a24a-4a6b-bccc-976932aca888","read":false,"uts":1475834665781,"pts":1475834665781,"_id":"57f7732981b3499c6cb9f775","u_name":"Lai Tomoto","u_avatar":"http://graph.facebook.com/123377914789377/picture?type=large","u_role":"celeb","u_object":null},{"rid":"0a965ccb-7c45-4255-83da-87067a4f6b0d","fid":"221ae836-ea10-4df5-a504-a9c51bf191ba","uuid":"017d8be4-8d03-4722-ae8e-6500c086f2ec","comment":"this is my test123","cid":"073c5b9c-b742-4039-93cb-359a52af9b90","read":false,"uts":1475755541917,"pts":1475755541917,"_id":"57f63e151ce4448f64668d79","u_name":"Lai Tomoto","u_avatar":"http://graph.facebook.com/123377914789377/picture?type=large","u_role":"celeb","u_object":null},{"fid":"221ae836-ea10-4df5-a504-a9c51bf191ba","uuid":"017d8be4-8d03-4722-ae8e-6500c086f2ec","comment":"this is my test","rid":null,"cid":"9f383949-2d19-4268-8b0b-ccdd9f236c87","read":false,"uts":1475749919885,"pts":1475749919885,"_id":"57f6281fa6bac60d61d8871a","u_name":"Lai Tomoto","u_avatar":"http://graph.facebook.com/123377914789377/picture?type=large","u_role":"celeb","u_object":null},{"fid":"221ae836-ea10-4df5-a504-a9c51bf191ba","uuid":"017d8be4-8d03-4722-ae8e-6500c086f2ec","rid":null,"cid":"dbbacb75-dd6a-4515-aaa4-8fa181d3660c","read":false,"uts":1475749819228,"pts":1475749819228,"_id":"57f627bba6bac60d61d88719","u_name":"Lai Tomoto","u_avatar":"http://graph.facebook.com/123377914789377/picture?type=large","u_role":"celeb","u_object":null}],"count":4,"isLike":false},{"uuid":"017d8be4-8d03-4722-ae8e-6500c086f2ec","context":"試試看網紅發言功能順便附上這麼一個圖片試試1\n!!","attachments":["34434f7ac8a903c6298650947cc42f3a"],"uts":1474872641188,"pts":1474872641188,"fid":"cb8123f6-5ebb-4788-ab3f-96ed053fdf61","likes":0,"comments":[],"count":0,"isLike":false},{"uuid":"017d8be4-8d03-4722-ae8e-6500c086f2ec","context":"試試看網紅發言功能順便附上這麼一個圖片試試\n!!","attachments":["34434f7ac8a903c6298650947cc42f3a"],"uts":1474872238960,"pts":1474872238960,"fid":"16af176a-c94e-4606-878a-6fa53fb0f5a3","likes":0,"comments":[],"count":0,"isLike":false},{"uuid":"017d8be4-8d03-4722-ae8e-6500c086f2ec","context":"試試看附圖說得實在是太好了!!","attachments":["34434f7ac8a903c6298650947cc42f3a "],"uts":1474621221241,"pts":1474621221241,"fid":"dd1187a8-a5c3-4068-bb85-0c26a1c03d8c","likes":0,"comments":[],"count":0,"isLike":false}]}
2016-10-13 09:23:26.589 [Debug] /Users/gongsy/Desktop/xing/ITSDemo_zl/InternetStir/Momock/MMEventService.m -[MMEventService send:eventData:] 83 : send event CELEB_COMMENT_REFRESH
2016-10-13 09:24:49.491 [Debug] /Users/gongsy/Desktop/xing/ITSDemo_zl/InternetStir/Services/ReportService.m -[ReportService recordEvent:params:eventCategory:] 350 : Report Event : id = select, params = {
}
2016-10-13 09:24:49.498 [Debug] /Users/gongsy/Desktop/xing/ITSDemo_zl/InternetStir/Services/ReportService.m -[ReportService recordEvent:params:eventCategory:] 350 : Report Event : id = fans.tool, params = {
}
2016-10-13 09:24:49.501 [Debug] /Users/gongsy/Desktop/xing/ITSDemo_zl/InternetStir/Services/ReportService.m -[ReportService recordEvent:params:eventCategory:] 350 : Report Event : id = list, params = {
}
2016-10-13 09:24:59.241 [Debug] /Users/gongsy/Desktop/xing/ITSDemo_zl/InternetStir/Services/ReportService.m -[ReportService recordEvent:params:eventCategory:] 350 : Report Event : id = list, params = {
}
2016-10-13 09:25:01.357 [Debug] /Users/gongsy/Desktop/xing/ITSDemo_zl/InternetStir/Services/ReportService.m -[ReportService recordEvent:params:eventCategory:] 350 : Report Event : id = reply, params = {
    context = "\U65b0\U7684ACL\U6e2c\U8a66\U4e2d";
    fid = forumid;
}
2016-10-13 09:25:05.240 [Debug] /Users/gongsy/Desktop/xing/ITSDemo_zl/InternetStir/Services/ReportService.m -[ReportService recordEvent:params:eventCategory:] 350 : Report Event : id = reply, params = {
    context = "\U65b0\U7684ACL\U6e2c\U8a66\U4e2d";
    fid = forumid;
}
2016-10-13 09:25:07.006 [Debug] /Users/gongsy/Desktop/xing/ITSDemo_zl/InternetStir/Services/ReportService.m -[ReportService recordEvent:params:eventCategory:] 350 : Report Event : id = cancel, params = {
}
2016-10-13 09:25:08.027 [Debug] /Users/gongsy/Desktop/xing/ITSDemo_zl/InternetStir/Services/ReportService.m -[ReportService recordEvent:params:eventCategory:] 350 : Report Event : id = list, params = {
}
2016-10-13 09:25:09.645 [Debug] /Users/gongsy/Desktop/xing/ITSDemo_zl/InternetStir/Services/ReportService.m -[ReportService recordEvent:params:eventCategory:] 350 : Report Event : id = list, params = {
}
2016-10-13 09:25:10.965 [Debug] /Users/gongsy/Desktop/xing/ITSDemo_zl/InternetStir/Services/FacebookService.m __35-[FacebookService facebookUserInfo]_block_invoke 30 : FB user info:  {
    "age_range" =     {
        min = 21;
    };
    email = "2545859135@qq.com";
    "first_name" = "\U661f\U4e91";
    gender = female;
    id = 300363533678722;
    link = "https://www.facebook.com/app_scoped_user_id/300363533678722/";
    locale = "zh_CN";
    name = "\U90a2\U661f\U4e91";
    picture =     {
        data =         {
            "is_silhouette" = 0;
            url = "https://scontent.xx.fbcdn.net/v/t1.0-1/p50x50/13343006_237799286601814_1127493610470010918_n.jpg?oh=2c0b93f94e745511a9bd0e7d15f6a330&oe=586BDE84";
        };
    };
    timezone = 8;
    "updated_time" = "2016-08-23T07:16:21+0000";
    verified = 1;
}
2016-10-13 09:25:10.969 [Debug] /Users/gongsy/Desktop/xing/ITSDemo_zl/InternetStir/Services/ReportService.m -[ReportService recordEvent:params:eventCategory:] 350 : Report Event : id = ok, params = {
    userId = 300363533678722;
}
2016-10-13 09:25:10.973 [Debug] /Users/gongsy/Desktop/xing/ITSDemo_zl/InternetStir/Services/RemoteService.m -[RemoteService doLogin:uid:name:avator:accessToken:type:callback:] 707 : Login URL: http://106.185.48.211:8080/v0/auth/login?channel=017d8be4-8d03-4722-ae8e-6500c086f2ec
2016-10-13 09:25:10.977 [Debug] /Users/gongsy/Desktop/xing/ITSDemo_zl/InternetStir/Momock/MMHttpSession.m -[MMHttpSession doPostJSON:reqHeader:reqBody:callback:] 160 : MMHttpService: Post Body = {
  "email" : "2545859135@qq.com",
  "access_token" : "EAAEh3x06N20BAJKGBWbDXG8dMniABNiZBR3egyGA14CrPhe1nsT2vzUfm0UrhWLzQwZBZB2X5muxzer4uehQhuuoKPrdzbEVFjaIVt2lJEKHFolrBhQ9tdRubYZC7tw9m10YxL1EkXNQmlZCoHiCvJXkrJoai0y64HpSUH3WC1pbwY3PePC05eRIjBhDRYPj4o8nwyiaL82ooB11lZA3T8dZAJ0ymFawOPT64iv5fapZBwZDZD",
  "uid" : "300363533678722",
  "type" : 1,
  "name" : "邢星云",
  "avatar" : "https:\/\/scontent.xx.fbcdn.net\/v\/t1.0-1\/p50x50\/13343006_237799286601814_1127493610470010918_n.jpg?oh=2c0b93f94e745511a9bd0e7d15f6a330&oe=586BDE84"
}
2016-10-13 09:25:11.276 [Debug] /Users/gongsy/Desktop/xing/ITSDemo_zl/InternetStir/Momock/MMHttpSession.m __24-[MMHttpSession execute]_block_invoke 48 : CMHttpSession response headers of http://106.185.48.211:8080/v0/auth/login?channel=017d8be4-8d03-4722-ae8e-6500c086f2ec  [200]
2016-10-13 09:25:11.279 [Debug] /Users/gongsy/Desktop/xing/ITSDemo_zl/InternetStir/Momock/MMHttpSession.m __24-[MMHttpSession execute]_block_invoke 53 : Date = Thu, 13 Oct 2016 01:25:11 GMT
2016-10-13 09:25:11.281 [Debug] /Users/gongsy/Desktop/xing/ITSDemo_zl/InternetStir/Momock/MMHttpSession.m __24-[MMHttpSession execute]_block_invoke 53 : Etag = W/"16a-tHfQrAELiFnE2h5dJPWAXw"
2016-10-13 09:25:11.284 [Debug] /Users/gongsy/Desktop/xing/ITSDemo_zl/InternetStir/Momock/MMHttpSession.m __24-[MMHttpSession execute]_block_invoke 53 : Content-Length = 362
2016-10-13 09:25:11.286 [Debug] /Users/gongsy/Desktop/xing/ITSDemo_zl/InternetStir/Momock/MMHttpSession.m __24-[MMHttpSession execute]_block_invoke 53 : Content-Type = application/json; charset=utf-8
2016-10-13 09:25:11.289 [Debug] /Users/gongsy/Desktop/xing/ITSDemo_zl/InternetStir/Momock/MMHttpSession.m __24-[MMHttpSession execute]_block_invoke 53 : Connection = keep-alive
2016-10-13 09:25:11.292 [Debug] /Users/gongsy/Desktop/xing/ITSDemo_zl/InternetStir/Momock/MMHttpSession.m __24-[MMHttpSession execute]_block_invoke 53 : Access-Control-Allow-Origin = *
2016-10-13 09:25:11.295 [Debug] /Users/gongsy/Desktop/xing/ITSDemo_zl/InternetStir/Services/RemoteService.m __67-[RemoteService doLogin:uid:name:avator:accessToken:type:callback:]_block_invoke 730 : Login RSP: {
    profile =     {
        acl =         {
            object = "<null>";
            role = user;
        };
        avatar = "https://scontent.xx.fbcdn.net/v/t1.0-1/p50x50/13343006_237799286601814_1127493610470010918_n.jpg?oh=2c0b93f94e745511a9bd0e7d15f6a330&oe=586BDE84";
        email = "2545859135@qq.com";
        name = "\U90a2\U661f\U4e91";
        session = "c791608e-2c93-4583-8e80-680f474f198e";
        uuid = "0ee222dd-f351-47b6-b658-43d202909ed6";
    };
    success = 1;
}
2016-10-13 09:25:14.311 [Debug] /Users/gongsy/Desktop/xing/ITSDemo_zl/InternetStir/Services/ReportService.m -[ReportService recordEvent:params:eventCategory:] 350 : Report Event : id = reply, params = {
    context = "\U65b0\U7684ACL\U6e2c\U8a66\U4e2d";
    fid = forumid;
}
2016-10-13 09:25:15.129 [Debug] /Users/gongsy/Desktop/xing/ITSDemo_zl/InternetStir/Services/ReportService.m -[ReportService recordEvent:params:eventCategory:] 350 : Report Event : id = select, params = {
}
2016-10-13 09:25:15.141 [Debug] /Users/gongsy/Desktop/xing/ITSDemo_zl/InternetStir/Services/ReportService.m -[ReportService recordEvent:params:eventCategory:] 350 : Report Event : id = 本文, params = {
    context = "\U65b0\U7684ACL\U6e2c\U8a66\U4e2d";
    fid = forumid;
}
2016-10-13 09:25:15.155 [Debug] /Users/gongsy/Desktop/xing/ITSDemo_zl/InternetStir/Services/RemoteService.m -[RemoteService getCelebReplyCommentListData:timeType:fid:] 1110 : User reply Comment data refresh url = http://106.185.48.211:8080/v0/forums/017d8be4-8d03-4722-ae8e-6500c086f2ec/935fbf78-9e1d-4e97-b48d-9885b2d65223/comments?before=1476321915152&size=10&_s=c791608e-2c93-4583-8e80-680f474f198e
2016-10-13 09:25:15.596 [Debug] /Users/gongsy/Desktop/xing/ITSDemo_zl/InternetStir/Momock/MMHttpSession.m __24-[MMHttpSession execute]_block_invoke 48 : CMHttpSession response headers of http://106.185.48.211:8080/v0/forums/017d8be4-8d03-4722-ae8e-6500c086f2ec/935fbf78-9e1d-4e97-b48d-9885b2d65223/comments?before=1476321915152&size=10&_s=c791608e-2c93-4583-8e80-680f474f198e  [200]
2016-10-13 09:25:15.598 [Debug] /Users/gongsy/Desktop/xing/ITSDemo_zl/InternetStir/Momock/MMHttpSession.m __24-[MMHttpSession execute]_block_invoke 53 : Date = Thu, 13 Oct 2016 01:25:15 GMT
2016-10-13 09:25:15.600 [Debug] /Users/gongsy/Desktop/xing/ITSDemo_zl/InternetStir/Momock/MMHttpSession.m __24-[MMHttpSession execute]_block_invoke 53 : Etag = W/"1e6c-S+qORIoc6/OjZ8aCGP/JRA"
2016-10-13 09:25:15.601 [Debug] /Users/gongsy/Desktop/xing/ITSDemo_zl/InternetStir/Momock/MMHttpSession.m __24-[MMHttpSession execute]_block_invoke 53 : Content-Length = 7788
2016-10-13 09:25:15.602 [Debug] /Users/gongsy/Desktop/xing/ITSDemo_zl/InternetStir/Momock/MMHttpSession.m __24-[MMHttpSession execute]_block_invoke 53 : Content-Type = application/json; charset=utf-8
2016-10-13 09:25:15.603 [Debug] /Users/gongsy/Desktop/xing/ITSDemo_zl/InternetStir/Momock/MMHttpSession.m __24-[MMHttpSession execute]_block_invoke 53 : Connection = keep-alive
2016-10-13 09:25:15.604 [Debug] /Users/gongsy/Desktop/xing/ITSDemo_zl/InternetStir/Momock/MMHttpSession.m __24-[MMHttpSession execute]_block_invoke 53 : Access-Control-Allow-Origin = *
2016-10-13 09:25:15.607 [Debug] /Users/gongsy/Desktop/xing/ITSDemo_zl/InternetStir/Services/RemoteService.m __59-[RemoteService getCelebReplyCommentListData:timeType:fid:]_block_invoke 1114 : User reply Comment Data rsp: status = 4 , code = 200
2016-10-13 09:25:15.611 [Debug] /Users/gongsy/Desktop/xing/ITSDemo_zl/InternetStir/Services/RemoteService.m __59-[RemoteService getCelebReplyCommentListData:timeType:fid:]_block_invoke 1122 : User reply Comment Data rsp data: {"count":10,"comments":[{"fid":"935fbf78-9e1d-4e97-b48d-9885b2d65223","uuid":"6ff73379-6f67-4873-bc84-06063b983bf8","comment":"哦哦哦","celeb":"08dfea9a-9ca9-428e-bdf7-9b3612fc54c5","rid":null,"cid":"e10f82d7-de3a-4ede-a344-b4ac98f0bbb9","read":false,"uts":1476263956397,"pts":1476263956397,"u_name":"Sheng NieOne","u_avatar":"http://graph.facebook.com/345931952411205/picture?type=large","u_role":"user","u_object":null,"reply":[{"rid":"e10f82d7-de3a-4ede-a344-b4ac98f0bbb9","fid":"935fbf78-9e1d-4e97-b48d-9885b2d65223","uuid":"6ff73379-6f67-4873-bc84-06063b983bf8","comment":"嗯哼","celeb":"5b917b59-0c77-4064-80af-074d00078753","cid":"bbbe920a-6f42-4b9f-bbf9-0867ef1b7acf","read":false,"uts":1476263966628,"pts":1476263966628,"u_name":"Sheng NieOne","u_avatar":"http://graph.facebook.com/345931952411205/picture?type=large","u_role":"user","u_object":null}]},{"fid":"935fbf78-9e1d-4e97-b48d-9885b2d65223","uuid":"6ff73379-6f67-4873-bc84-06063b983bf8","comment":"77777","celeb":"fe4bc268-09fd-43d7-b7c7-4206bcd2a361","rid":null,"cid":"39e677b4-3063-48bc-aae5-2e361e800b00","read":false,"uts":1476262374126,"pts":1476262374126,"u_name":"Sheng NieOne","u_avatar":"http://graph.facebook.com/345931952411205/picture?type=large","u_role":"user","u_object":null,"reply":[{"rid":"39e677b4-3063-48bc-aae5-2e361e800b00","fid":"935fbf78-9e1d-4e97-b48d-9885b2d65223","uuid":"6ff73379-6f67-4873-bc84-06063b983bf8","comment":"666","celeb":"65cc09b7-35ed-4cb6-83cd-c7db16f309d3","cid":"06e6a9fc-20c7-400a-900a-5ccd61001915","read":false,"uts":1476263945461,"pts":1476263945461,"u_name":"Sheng NieOne","u_avatar":"http://graph.facebook.com/345931952411205/picture?type=large","u_role":"user","u_object":null}]},{"fid":"935fbf78-9e1d-4e97-b48d-9885b2d65223","uuid":"6ff73379-6f67-4873-bc84-06063b983bf8","comment":"0000","celeb":"645dd2eb-71c7-434c-855c-0287ad6c7ed4","rid":null,"cid":"30d73223-08ac-47c0-8447-457af5f7e7f2","read":false,"uts":1476262174213,"pts":1476262174213,"u_name":"Sheng NieOne","u_avatar":"http://graph.facebook.com/345931952411205/picture?type=large","u_role":"user","u_object":null,"reply":[{"rid":"30d73223-08ac-47c0-8447-457af5f7e7f2","fid":"935fbf78-9e1d-4e97-b48d-9885b2d65223","uuid":"6ff73379-6f67-4873-bc84-06063b983bf8","comment":"1111","celeb":"6a62930b-293d-4e45-84d3-d688051ccd9d","cid":"5d8f74eb-d703-42c7-90dd-5f4937002976","read":false,"uts":1476262323124,"pts":1476262323124,"u_name":"Sheng NieOne","u_avatar":"http://graph.facebook.com/345931952411205/picture?type=large","u_role":"user","u_object":null}]},{"fid":"935fbf78-9e1d-4e97-b48d-9885b2d65223","uuid":"6ff73379-6f67-4873-bc84-06063b983bf8","comment":"888888","celeb":"2e6b6519-be90-4217-b7e2-cece43b0f02e","rid":null,"cid":"70792910-066a-4cfe-8a97-026a408a32a4","read":false,"uts":1476261336538,"pts":1476261336538,"u_name":"Sheng NieOne","u_avatar":"http://graph.facebook.com/345931952411205/picture?type=large","u_role":"user","u_object":null,"reply":[{"rid":"70792910-066a-4cfe-8a97-026a408a32a4","fid":"935fbf78-9e1d-4e97-b48d-9885b2d65223","uuid":"6ff73379-6f67-4873-bc84-06063b983bf8","comment":"6666","celeb":"2fd8b0ae-8621-4f9f-913f-90b2e0f9d448","cid":"0d2e909d-4494-45a5-add6-dc963570040d","read":false,"uts":1476262115237,"pts":1476262115237,"u_name":"Sheng NieOne","u_avatar":"http://graph.facebook.com/345931952411205/picture?type=large","u_role":"user","u_object":null}]},{"fid":"935fbf78-9e1d-4e97-b48d-9885b2d65223","uuid":"6ff73379-6f67-4873-bc84-06063b983bf8","comment":"评论是吗","celeb":"c6733e97-a7e9-41a8-b994-591dd41c44ed","rid":null,"cid":"2144b737-a402-4381-83ea-2c7bd37705f1","read":false,"uts":1476258251236,"pts":1476258251236,"u_name":"Sheng NieOne","u_avatar":"http://graph.facebook.com/345931952411205/picture?type=large","u_role":"user","u_object":null,"reply":[]},{"fid":"935fbf78-9e1d-4e97-b48d-9885b2d65223","uuid":"6ff73379-6f67-4873-bc84-06063b983bf8","comment":"呵呵呵呵呵呵","celeb":"00b424fb-e314-4703-a781-d293fd58a413","rid":null,"cid":"e8533794-af10-4a9b-9697-b2f77d233537","read":false,"uts":1476257490446,"pts":1476257490446,"u_name":"Sheng NieOne","u_avatar":"http://graph.facebook.com/345931952411205/picture?type=large","u_role":"user","u_object":null,"reply":[]},{"fid":"935fbf78-9e1d-4e97-b48d-9885b2d65223","uuid":"6ff73379-6f67-4873-bc84-06063b983bf8","comment":"嗯嗯嗯默默默默","celeb":"89b0469c-155c-40f4-87ea-998035f8d70d","rid":null,"cid":"897b5540-325f-4d58-8737-1841a9f6e528","read":false,"uts":1476257448892,"pts":1476257448892,"u_name":"Sheng NieOne","u_avatar":"http://graph.facebook.com/345931952411205/picture?type=large","u_role":"user","u_object":null,"reply":[]},{"fid":"935fbf78-9e1d-4e97-b48d-9885b2d65223","uuid":"22c9d0af-3ab0-4bea-9a0c-15d50cc69226","comment":"11111","celeb":"a9a40091-a6b6-4bb1-83b2-25a6d9d6a2f1","rid":null,"cid":"642fd416-2e27-4a5a-badd-3cdda602c95f","read":false,"uts":1476254360022,"pts":1476254360022,"u_name":"张亮","u_avatar":"https://fbcdn-profile-a.akamaihd.net/hprofile-ak-xap1/v/t1.0-1/p50x50/14370221_1002431183212566_7805085867600695388_n.jpg?oh=cb3c05235fa970b15c02b2b2eaa5d6f5&oe=58AB5556&__gda__=1482838679_2dc5ad4fa3821ea46d757cec8f2a3a9a","u_role":"user","u_object":null,"reply":[{"rid":"642fd416-2e27-4a5a-badd-3cdda602c95f","fid":"935fbf78-9e1d-4e97-b48d-9885b2d65223","uuid":"22c9d0af-3ab0-4bea-9a0c-15d50cc69226","comment":"Cv bcc","celeb":"bac295cd-d037-455a-b011-5b7985255a3b","cid":"e5c4aa22-c9b4-413e-bd4b-153db496136b","read":false,"uts":1476254369233,"pts":1476254369233,"u_name":"张亮","u_avatar":"https://fbcdn-profile-a.akamaihd.net/hprofile-ak-xap1/v/t1.0-1/p50x50/14370221_1002431183212566_7805085867600695388_n.jpg?oh=cb3c05235fa970b15c02b2b2eaa5d6f5&oe=58AB5556&__gda__=1482838679_2dc5ad4fa3821ea46d757cec8f2a3a9a","u_role":"user","u_object":null}]},{"fid":"935fbf78-9e1d-4e97-b48d-9885b2d65223","uuid":"0ee222dd-f351-47b6-b658-43d202909ed6","comment":"000000","celeb":"b3b1b26e-0c87-48a6-8168-cf95cce47a30","rid":null,"cid":"beb67430-8523-4019-b125-72b62f538b10","read":false,"uts":1476244574474,"pts":1476244574474,"u_name":"邢星云","u_avatar":"https://scontent.xx.fbcdn.net/v/t1.0-1/p50x50/13343006_237799286601814_1127493610470010918_n.jpg?oh=2c0b93f94e745511a9bd0e7d15f6a330&oe=586BDE84","u_role":"user","u_object":null,"reply":[{"rid":"beb67430-8523-4019-b125-72b62f538b10","fid":"935fbf78-9e1d-4e97-b48d-9885b2d65223","uuid":"0ee222dd-f351-47b6-b658-43d202909ed6","comment":"999","celeb":"77676af4-9f39-4532-85d6-4017a99a3800","cid":"2aca19aa-3b79-4753-9fb4-8ec82f819a6b","read":false,"uts":1476251815870,"pts":1476251815870,"u_name":"邢星云","u_avatar":"https://scontent.xx.fbcdn.net/v/t1.0-1/p50x50/13343006_237799286601814_1127493610470010918_n.jpg?oh=2c0b93f94e745511a9bd0e7d15f6a330&oe=586BDE84","u_role":"user","u_object":null}]},{"fid":"935fbf78-9e1d-4e97-b48d-9885b2d65223","uuid":"0ee222dd-f351-47b6-b658-43d202909ed6","comment":"一","celeb":"2e4dfb44-945a-42ed-bec4-b023a5823806","rid":null,"cid":"598251df-f03a-452c-a3df-3c3a89c05b2f","read":false,"uts":1476244515352,"pts":1476244515352,"u_name":"邢星云","u_avatar":"https://scontent.xx.fbcdn.net/v/t1.0-1/p50x50/13343006_237799286601814_1127493610470010918_n.jpg?oh=2c0b93f94e745511a9bd0e7d15f6a330&oe=586BDE84","u_role":"user","u_object":null,"reply":[{"rid":"598251df-f03a-452c-a3df-3c3a89c05b2f","fid":"935fbf78-9e1d-4e97-b48d-9885b2d65223","uuid":"0ee222dd-f351-47b6-b658-43d202909ed6","comment":"一些人","celeb":"7007afae-aa69-4bb1-b013-0748b944a481","cid":"8f994839-4f86-42df-aad4-e1797605d920","read":false,"uts":1476244524857,"pts":1476244524857,"u_name":"邢星云","u_avatar":"https://scontent.xx.fbcdn.net/v/t1.0-1/p50x50/13343006_237799286601814_1127493610470010918_n.jpg?oh=2c0b93f94e745511a9bd0e7d15f6a330&oe=586BDE84","u_role":"user","u_object":null}]}]}
2016-10-13 09:25:15.616 [Debug] /Users/gongsy/Desktop/xing/ITSDemo_zl/InternetStir/Momock/MMEventService.m -[MMEventService send:eventData:] 83 : send event CELEB_REPLY_COMMENT_REFRESH
2016-10-13 09:25:17.800 [Debug] /Users/gongsy/Desktop/xing/ITSDemo_zl/InternetStir/Services/ReportService.m -[ReportService recordEvent:params:eventCategory:] 350 : Report Event : id = list, params = {
}
